0 verbose cli /usr/local/bin/node /usr/local/bin/npm
1 info using npm@11.5.1
2 info using node@v24.6.0
3 silly config load:file:/usr/local/lib/node_modules/npm/npmrc
4 silly config load:file:/app/.npmrc
5 silly config load:file:/home/node/.npmrc
6 silly config load:file:/usr/local/etc/npmrc
7 verbose title npm install
8 verbose argv "install"
9 verbose logfile logs-max:10 dir:/app/.npm/_logs/2025-08-18T19_17_42_140Z-
10 verbose logfile /app/.npm/_logs/2025-08-18T19_17_42_140Z-debug-0.log
11 silly logfile done cleaning log files
12 silly packumentCache heap:2348810240 maxSize:587202560 maxEntrySize:293601280
13 silly idealTree buildDeps
14 silly reify moves {}
15 silly audit bulk request {
15 silly audit   '@ampproject/remapping': [ '2.3.0' ],
15 silly audit   '@antfu/install-pkg': [ '1.1.0' ],
15 silly audit   '@antfu/utils': [ '9.2.0' ],
15 silly audit   '@apidevtools/json-schema-ref-parser': [ '14.2.0' ],
15 silly audit   '@babel/code-frame': [ '7.27.1' ],
15 silly audit   '@babel/compat-data': [ '7.28.0' ],
15 silly audit   '@babel/core': [ '7.28.3' ],
15 silly audit   semver: [ '6.3.1', '7.7.2' ],
15 silly audit   '@babel/generator': [ '7.28.3' ],
15 silly audit   '@babel/helper-annotate-as-pure': [ '7.27.3' ],
15 silly audit   '@babel/helper-compilation-targets': [ '7.27.2' ],
15 silly audit   '@babel/helper-create-class-features-plugin': [ '7.28.3' ],
15 silly audit   '@babel/helper-globals': [ '7.28.0' ],
15 silly audit   '@babel/helper-member-expression-to-functions': [ '7.27.1' ],
15 silly audit   '@babel/helper-module-imports': [ '7.27.1' ],
15 silly audit   '@babel/helper-module-transforms': [ '7.28.3' ],
15 silly audit   '@babel/helper-optimise-call-expression': [ '7.27.1' ],
15 silly audit   '@babel/helper-plugin-utils': [ '7.27.1' ],
15 silly audit   '@babel/helper-replace-supers': [ '7.27.1' ],
15 silly audit   '@babel/helper-skip-transparent-expression-wrappers': [ '7.27.1' ],
15 silly audit   '@babel/helper-string-parser': [ '7.27.1' ],
15 silly audit   '@babel/helper-validator-identifier': [ '7.27.1' ],
15 silly audit   '@babel/helper-validator-option': [ '7.27.1' ],
15 silly audit   '@babel/helpers': [ '7.28.3' ],
15 silly audit   '@babel/parser': [ '7.28.3' ],
15 silly audit   '@babel/plugin-syntax-jsx': [ '7.27.1' ],
15 silly audit   '@babel/plugin-syntax-typescript': [ '7.27.1' ],
15 silly audit   '@babel/plugin-transform-typescript': [ '7.28.0' ],
15 silly audit   '@babel/template': [ '7.27.2' ],
15 silly audit   '@babel/traverse': [ '7.28.3' ],
15 silly audit   '@babel/types': [ '7.28.2', '7.28.0' ],
15 silly audit   '@clack/core': [ '0.5.0' ],
15 silly audit   '@clack/prompts': [ '0.11.0' ],
15 silly audit   '@cloudflare/kv-asset-handler': [ '0.4.0' ],
15 silly audit   mime: [ '3.0.0', '4.0.7' ],
15 silly audit   '@colors/colors': [ '1.6.0' ],
15 silly audit   '@dabh/diagnostics': [ '2.0.3' ],
15 silly audit   '@dependents/detective-less': [ '5.0.1' ],
15 silly audit   '@emnapi/core': [ '1.4.5' ],
15 silly audit   '@emnapi/runtime': [ '1.4.5' ],
15 silly audit   '@emnapi/wasi-threads': [ '1.0.4' ],
15 silly audit   '@es-joy/jsdoccomment': [ '0.53.0' ],
15 silly audit   '@esbuild/aix-ppc64': [ '0.25.9', '0.25.5' ],
15 silly audit   '@esbuild/android-arm': [ '0.25.9', '0.25.5' ],
15 silly audit   '@esbuild/android-arm64': [ '0.25.9', '0.25.5' ],
15 silly audit   '@esbuild/android-x64': [ '0.25.9', '0.25.5' ],
15 silly audit   '@esbuild/darwin-arm64': [ '0.25.9', '0.25.5' ],
15 silly audit   '@esbuild/darwin-x64': [ '0.25.9', '0.25.5' ],
15 silly audit   '@esbuild/freebsd-arm64': [ '0.25.9', '0.25.5' ],
15 silly audit   '@esbuild/freebsd-x64': [ '0.25.9', '0.25.5' ],
15 silly audit   '@esbuild/linux-arm': [ '0.25.9', '0.25.5' ],
15 silly audit   '@esbuild/linux-arm64': [ '0.25.9', '0.25.5' ],
15 silly audit   '@esbuild/linux-ia32': [ '0.25.9', '0.25.5' ],
15 silly audit   '@esbuild/linux-loong64': [ '0.25.9', '0.25.5' ],
15 silly audit   '@esbuild/linux-mips64el': [ '0.25.9', '0.25.5' ],
15 silly audit   '@esbuild/linux-ppc64': [ '0.25.9', '0.25.5' ],
15 silly audit   '@esbuild/linux-riscv64': [ '0.25.9', '0.25.5' ],
15 silly audit   '@esbuild/linux-s390x': [ '0.25.9', '0.25.5' ],
15 silly audit   '@esbuild/linux-x64': [ '0.25.9', '0.25.5' ],
15 silly audit   '@esbuild/netbsd-arm64': [ '0.25.9', '0.25.5' ],
15 silly audit   '@esbuild/netbsd-x64': [ '0.25.9', '0.25.5' ],
15 silly audit   '@esbuild/openbsd-arm64': [ '0.25.9', '0.25.5' ],
15 silly audit   '@esbuild/openbsd-x64': [ '0.25.9', '0.25.5' ],
15 silly audit   '@esbuild/openharmony-arm64': [ '0.25.9' ],
15 silly audit   '@esbuild/sunos-x64': [ '0.25.9', '0.25.5' ],
15 silly audit   '@esbuild/win32-arm64': [ '0.25.9', '0.25.5' ],
15 silly audit   '@esbuild/win32-ia32': [ '0.25.9', '0.25.5' ],
15 silly audit   '@esbuild/win32-x64': [ '0.25.9', '0.25.5' ],
15 silly audit   '@eslint-community/eslint-utils': [ '4.7.0' ],
15 silly audit   'eslint-visitor-keys': [ '3.4.3', '4.2.1' ],
15 silly audit   '@eslint-community/regexpp': [ '4.12.1' ],
15 silly audit   '@eslint/compat': [ '1.3.2' ],
15 silly audit   '@eslint/config-array': [ '0.21.0' ],
15 silly audit   'brace-expansion': [ '1.1.12', '2.0.2' ],
15 silly audit   minimatch: [ '3.1.2', '9.0.5', '5.1.6' ],
15 silly audit   '@eslint/config-helpers': [ '0.3.1' ],
15 silly audit   '@eslint/config-inspector': [ '1.2.0' ],
15 silly audit   '@nodelib/fs.scandir': [ '4.0.1', '2.1.5' ],
15 silly audit   '@nodelib/fs.stat': [ '4.0.0', '2.0.5' ],
15 silly audit   '@nodelib/fs.walk': [ '3.0.1', '1.2.8' ],
15 silly audit   'define-lazy-prop': [ '3.0.0', '2.0.0' ],
15 silly audit   open: [ '10.2.0', '8.4.2' ],
15 silly audit   '@eslint/core': [ '0.15.2' ],
15 silly audit   '@eslint/eslintrc': [ '3.3.1' ],
15 silly audit   globals: [ '14.0.0', '15.15.0', '16.3.0' ],
15 silly audit   ignore: [ '5.3.2', '7.0.5' ],
15 silly audit   '@eslint/js': [ '9.33.0' ],
15 silly audit   '@eslint/object-schema': [ '2.1.6' ],
15 silly audit   '@eslint/plugin-kit': [ '0.3.5' ],
15 silly audit   '@fastify/accept-negotiator': [ '1.1.0' ],
15 silly audit   '@fastify/busboy': [ '3.2.0' ],
15 silly audit   '@humanfs/core': [ '0.19.1' ],
15 silly audit   '@humanfs/node': [ '0.16.6' ],
15 silly audit   '@humanwhocodes/retry': [ '0.3.1', '0.4.3' ],
15 silly audit   '@humanwhocodes/module-importer': [ '1.0.1' ],
15 silly audit   '@iconify/collections': [ '1.0.585' ],
15 silly audit   '@iconify/types': [ '2.0.0' ],
15 silly audit   '@iconify/utils': [ '3.0.1' ],
15 silly audit   '@iconify/vue': [ '5.0.0' ],
15 silly audit   '@ioredis/commands': [ '1.3.0' ],
15 silly audit   '@isaacs/cliui': [ '8.0.2' ],
15 silly audit   '@isaacs/fs-minipass': [ '4.0.1' ],
15 silly audit   '@jridgewell/gen-mapping': [ '0.3.13' ],
15 silly audit   '@jridgewell/remapping': [ '2.3.5' ],
15 silly audit   '@jridgewell/resolve-uri': [ '3.1.2' ],
15 silly audit   '@jridgewell/source-map': [ '0.3.11' ],
15 silly audit   '@jridgewell/sourcemap-codec': [ '1.5.5' ],
15 silly audit   '@jridgewell/trace-mapping': [ '0.3.30' ],
15 silly audit   '@kwsites/file-exists': [ '1.1.1' ],
15 silly audit   '@kwsites/promise-deferred': [ '1.1.1' ],
15 silly audit   '@mapbox/node-pre-gyp': [ '2.0.0' ],
15 silly audit   'detect-libc': [ '2.0.4', '1.0.3' ],
15 silly audit   '@napi-rs/wasm-runtime': [ '1.0.3', '0.2.12' ],
15 silly audit   '@netlify/binary-info': [ '1.0.0' ],
15 silly audit   '@netlify/blobs': [ '9.1.2' ],
15 silly audit   '@netlify/dev-utils': [ '2.2.0' ],
15 silly audit   '@netlify/functions': [ '3.1.10' ],
15 silly audit   'is-stream': [ '4.0.1', '2.0.1', '3.0.0' ],
15 silly audit   '@netlify/open-api': [ '2.37.0' ],
15 silly audit   '@netlify/runtime-utils': [ '1.3.1' ],
15 silly audit   '@netlify/serverless-functions-api': [ '1.41.2', '2.2.0' ],
15 silly audit   '@netlify/zip-it-and-ship-it': [ '12.2.1' ],
15 silly audit   esbuild: [ '0.25.5', '0.25.9' ],
15 silly audit   '@nuxt/cli': [ '3.28.0' ],
15 silly audit   '@nuxt/devalue': [ '2.0.2' ],
15 silly audit   '@nuxt/devtools': [ '2.6.2' ],
15 silly audit   '@nuxt/devtools-kit': [ '2.6.2' ],
15 silly audit   '@nuxt/kit': [ '3.18.1', '4.0.3' ],
15 silly audit   '@nuxt/devtools-wizard': [ '2.6.2' ],
15 silly audit   '@nuxt/eslint': [ '1.9.0' ],
15 silly audit   '@nuxt/eslint-config': [ '1.9.0' ],
15 silly audit   '@nuxt/eslint-plugin': [ '1.9.0' ],
15 silly audit   '@nuxt/icon': [ '2.0.0' ],
15 silly audit   '@nuxt/image': [ '1.11.0' ],
15 silly audit   '@nuxt/schema': [ '4.0.3' ],
15 silly audit   '@nuxt/telemetry': [ '2.6.6' ],
15 silly audit   '@nuxt/vite-builder': [ '4.0.3' ],
15 silly audit   '@oxc-minify/binding-android-arm64': [ '0.80.0' ],
15 silly audit   '@oxc-minify/binding-darwin-arm64': [ '0.80.0' ],
15 silly audit   '@oxc-minify/binding-darwin-x64': [ '0.80.0' ],
15 silly audit   '@oxc-minify/binding-freebsd-x64': [ '0.80.0' ],
15 silly audit   '@oxc-minify/binding-linux-arm-gnueabihf': [ '0.80.0' ],
15 silly audit   '@oxc-minify/binding-linux-arm-musleabihf': [ '0.80.0' ],
15 silly audit   '@oxc-minify/binding-linux-arm64-gnu': [ '0.80.0' ],
15 silly audit   '@oxc-minify/binding-linux-arm64-musl': [ '0.80.0' ],
15 silly audit   '@oxc-minify/binding-linux-riscv64-gnu': [ '0.80.0' ],
15 silly audit   '@oxc-minify/binding-linux-s390x-gnu': [ '0.80.0' ],
15 silly audit   '@oxc-minify/binding-linux-x64-gnu': [ '0.80.0' ],
15 silly audit   '@oxc-minify/binding-linux-x64-musl': [ '0.80.0' ],
15 silly audit   '@oxc-minify/binding-wasm32-wasi': [ '0.80.0' ],
15 silly audit   '@oxc-minify/binding-win32-arm64-msvc': [ '0.80.0' ],
15 silly audit   '@oxc-minify/binding-win32-x64-msvc': [ '0.80.0' ],
15 silly audit   '@oxc-parser/binding-android-arm64': [ '0.80.0' ],
15 silly audit   '@oxc-parser/binding-darwin-arm64': [ '0.80.0' ],
15 silly audit   '@oxc-parser/binding-darwin-x64': [ '0.80.0' ],
15 silly audit   '@oxc-parser/binding-freebsd-x64': [ '0.80.0' ],
15 silly audit   '@oxc-parser/binding-linux-arm-gnueabihf': [ '0.80.0' ],
15 silly audit   '@oxc-parser/binding-linux-arm-musleabihf': [ '0.80.0' ],
15 silly audit   '@oxc-parser/binding-linux-arm64-gnu': [ '0.80.0' ],
15 silly audit   '@oxc-parser/binding-linux-arm64-musl': [ '0.80.0' ],
15 silly audit   '@oxc-parser/binding-linux-riscv64-gnu': [ '0.80.0' ],
15 silly audit   '@oxc-parser/binding-linux-s390x-gnu': [ '0.80.0' ],
15 silly audit   '@oxc-parser/binding-linux-x64-gnu': [ '0.80.0' ],
15 silly audit   '@oxc-parser/binding-linux-x64-musl': [ '0.80.0' ],
15 silly audit   '@oxc-parser/binding-wasm32-wasi': [ '0.80.0' ],
15 silly audit   '@oxc-parser/binding-win32-arm64-msvc': [ '0.80.0' ],
15 silly audit   '@oxc-parser/binding-win32-x64-msvc': [ '0.80.0' ],
15 silly audit   '@oxc-project/types': [ '0.80.0' ],
15 silly audit   '@oxc-transform/binding-android-arm64': [ '0.80.0' ],
15 silly audit   '@oxc-transform/binding-darwin-arm64': [ '0.80.0' ],
15 silly audit   '@oxc-transform/binding-darwin-x64': [ '0.80.0' ],
15 silly audit   '@oxc-transform/binding-freebsd-x64': [ '0.80.0' ],
15 silly audit   '@oxc-transform/binding-linux-arm-gnueabihf': [ '0.80.0' ],
15 silly audit   '@oxc-transform/binding-linux-arm-musleabihf': [ '0.80.0' ],
15 silly audit   '@oxc-transform/binding-linux-arm64-gnu': [ '0.80.0' ],
15 silly audit   '@oxc-transform/binding-linux-arm64-musl': [ '0.80.0' ],
15 silly audit   '@oxc-transform/binding-linux-riscv64-gnu': [ '0.80.0' ],
15 silly audit   '@oxc-transform/binding-linux-s390x-gnu': [ '0.80.0' ],
15 silly audit   '@oxc-transform/binding-linux-x64-gnu': [ '0.80.0' ],
15 silly audit   '@oxc-transform/binding-linux-x64-musl': [ '0.80.0' ],
15 silly audit   '@oxc-transform/binding-wasm32-wasi': [ '0.80.0' ],
15 silly audit   '@oxc-transform/binding-win32-arm64-msvc': [ '0.80.0' ],
15 silly audit   '@oxc-transform/binding-win32-x64-msvc': [ '0.80.0' ],
15 silly audit   '@parcel/watcher': [ '2.5.1' ],
15 silly audit   '@parcel/watcher-android-arm64': [ '2.5.1' ],
15 silly audit   '@parcel/watcher-darwin-arm64': [ '2.5.1' ],
15 silly audit   '@parcel/watcher-darwin-x64': [ '2.5.1' ],
15 silly audit   '@parcel/watcher-freebsd-x64': [ '2.5.1' ],
15 silly audit   '@parcel/watcher-linux-arm-glibc': [ '2.5.1' ],
15 silly audit   '@parcel/watcher-linux-arm-musl': [ '2.5.1' ],
15 silly audit   '@parcel/watcher-linux-arm64-glibc': [ '2.5.1' ],
15 silly audit   '@parcel/watcher-linux-arm64-musl': [ '2.5.1' ],
15 silly audit   '@parcel/watcher-linux-x64-glibc': [ '2.5.1' ],
15 silly audit   '@parcel/watcher-linux-x64-musl': [ '2.5.1' ],
15 silly audit   '@parcel/watcher-wasm': [ '2.5.1' ],
15 silly audit   '@parcel/watcher-win32-arm64': [ '2.5.1' ],
15 silly audit   '@parcel/watcher-win32-ia32': [ '2.5.1' ],
15 silly audit   '@parcel/watcher-win32-x64': [ '2.5.1' ],
15 silly audit   '@pkgjs/parseargs': [ '0.11.0' ],
15 silly audit   '@polka/url': [ '1.0.0-next.29' ],
15 silly audit   '@poppinss/colors': [ '4.1.5' ],
15 silly audit   kleur: [ '4.1.5', '3.0.3' ],
15 silly audit   '@poppinss/dumper': [ '0.6.4' ],
15 silly audit   '@poppinss/exception': [ '1.2.2' ],
15 silly audit   '@rolldown/pluginutils': [ '1.0.0-beta.29' ],
15 silly audit   '@rollup/plugin-alias': [ '5.1.1' ],
15 silly audit   '@rollup/plugin-commonjs': [ '28.0.6' ],
15 silly audit   'estree-walker': [ '2.0.2', '3.0.3' ],
15 silly audit   '@rollup/plugin-inject': [ '5.0.5' ],
15 silly audit   '@rollup/plugin-json': [ '6.1.0' ],
15 silly audit   '@rollup/plugin-node-resolve': [ '16.0.1' ],
15 silly audit   resolve: [ '1.22.10', '2.0.0-next.5' ],
15 silly audit   '@rollup/plugin-replace': [ '6.0.2' ],
15 silly audit   '@rollup/plugin-terser': [ '0.4.4' ],
15 silly audit   '@rollup/pluginutils': [ '5.2.0' ],
15 silly audit   '@rollup/rollup-android-arm-eabi': [ '4.46.3' ],
15 silly audit   '@rollup/rollup-android-arm64': [ '4.46.3' ],
15 silly audit   '@rollup/rollup-darwin-arm64': [ '4.46.3' ],
15 silly audit   '@rollup/rollup-darwin-x64': [ '4.46.3' ],
15 silly audit   '@rollup/rollup-freebsd-arm64': [ '4.46.3' ],
15 silly audit   '@rollup/rollup-freebsd-x64': [ '4.46.3' ],
15 silly audit   '@rollup/rollup-linux-arm-gnueabihf': [ '4.46.3' ],
15 silly audit   '@rollup/rollup-linux-arm-musleabihf': [ '4.46.3' ],
15 silly audit   '@rollup/rollup-linux-arm64-gnu': [ '4.46.3' ],
15 silly audit   '@rollup/rollup-linux-arm64-musl': [ '4.46.3' ],
15 silly audit   '@rollup/rollup-linux-loongarch64-gnu': [ '4.46.3' ],
15 silly audit   '@rollup/rollup-linux-ppc64-gnu': [ '4.46.3' ],
15 silly audit   '@rollup/rollup-linux-riscv64-gnu': [ '4.46.3' ],
15 silly audit   '@rollup/rollup-linux-riscv64-musl': [ '4.46.3' ],
15 silly audit   '@rollup/rollup-linux-s390x-gnu': [ '4.46.3' ],
15 silly audit   '@rollup/rollup-linux-x64-gnu': [ '4.46.3' ],
15 silly audit   '@rollup/rollup-linux-x64-musl': [ '4.46.3' ],
15 silly audit   '@rollup/rollup-win32-arm64-msvc': [ '4.46.3' ],
15 silly audit   '@rollup/rollup-win32-ia32-msvc': [ '4.46.3' ],
15 silly audit   '@rollup/rollup-win32-x64-msvc': [ '4.46.3' ],
15 silly audit   '@sindresorhus/is': [ '7.0.2' ],
15 silly audit   '@sindresorhus/merge-streams': [ '2.3.0' ],
15 silly audit   '@speed-highlight/core': [ '1.2.7' ],
15 silly audit   '@stylistic/eslint-plugin': [ '5.2.3' ],
15 silly audit   '@trysound/sax': [ '0.2.0' ],
15 silly audit   '@tybys/wasm-util': [ '0.10.0' ],
15 silly audit   '@types/estree': [ '1.0.8' ],
15 silly audit   '@types/json-schema': [ '7.0.15' ],
15 silly audit   '@types/node': [ '24.3.0' ],
15 silly audit   '@types/normalize-package-data': [ '2.4.4' ],
15 silly audit   '@types/parse-path': [ '7.0.3' ],
15 silly audit   '@types/resolve': [ '1.20.2' ],
15 silly audit   '@types/triple-beam': [ '1.3.5' ],
15 silly audit   '@types/yauzl': [ '2.10.3' ],
15 silly audit   '@typescript-eslint/eslint-plugin': [ '8.40.0' ],
15 silly audit   '@typescript-eslint/parser': [ '8.40.0' ],
15 silly audit   '@typescript-eslint/project-service': [ '8.40.0' ],
15 silly audit   '@typescript-eslint/scope-manager': [ '8.40.0' ],
15 silly audit   '@typescript-eslint/tsconfig-utils': [ '8.40.0' ],
15 silly audit   '@typescript-eslint/type-utils': [ '8.40.0' ],
15 silly audit   '@typescript-eslint/types': [ '8.40.0' ],
15 silly audit   '@typescript-eslint/typescript-estree': [ '8.40.0' ],
15 silly audit   '@typescript-eslint/utils': [ '8.40.0' ],
15 silly audit   '@typescript-eslint/visitor-keys': [ '8.40.0' ],
15 silly audit   '@unhead/vue': [ '2.0.14' ],
15 silly audit   '@unrs/resolver-binding-android-arm-eabi': [ '1.11.1' ],
15 silly audit   '@unrs/resolver-binding-android-arm64': [ '1.11.1' ],
15 silly audit   '@unrs/resolver-binding-darwin-arm64': [ '1.11.1' ],
15 silly audit   '@unrs/resolver-binding-darwin-x64': [ '1.11.1' ],
15 silly audit   '@unrs/resolver-binding-freebsd-x64': [ '1.11.1' ],
15 silly audit   '@unrs/resolver-binding-linux-arm-gnueabihf': [ '1.11.1' ],
15 silly audit   '@unrs/resolver-binding-linux-arm-musleabihf': [ '1.11.1' ],
15 silly audit   '@unrs/resolver-binding-linux-arm64-gnu': [ '1.11.1' ],
15 silly audit   '@unrs/resolver-binding-linux-arm64-musl': [ '1.11.1' ],
15 silly audit   '@unrs/resolver-binding-linux-ppc64-gnu': [ '1.11.1' ],
15 silly audit   '@unrs/resolver-binding-linux-riscv64-gnu': [ '1.11.1' ],
15 silly audit   '@unrs/resolver-binding-linux-riscv64-musl': [ '1.11.1' ],
15 silly audit   '@unrs/resolver-binding-linux-s390x-gnu': [ '1.11.1' ],
15 silly audit   '@unrs/resolver-binding-linux-x64-gnu': [ '1.11.1' ],
15 silly audit   '@unrs/resolver-binding-linux-x64-musl': [ '1.11.1' ],
15 silly audit   '@unrs/resolver-binding-wasm32-wasi': [ '1.11.1' ],
15 silly audit   '@unrs/resolver-binding-win32-arm64-msvc': [ '1.11.1' ],
15 silly audit   '@unrs/resolver-binding-win32-ia32-msvc': [ '1.11.1' ],
15 silly audit   '@unrs/resolver-binding-win32-x64-msvc': [ '1.11.1' ],
15 silly audit   '@vercel/nft': [ '0.29.4' ],
15 silly audit   '@vitejs/plugin-vue': [ '6.0.1' ],
15 silly audit   '@vitejs/plugin-vue-jsx': [ '5.0.1' ],
15 silly audit   '@volar/language-core': [ '2.4.22' ],
15 silly audit   '@volar/source-map': [ '2.4.22' ],
15 silly audit   '@vue-macros/common': [ '3.0.0-beta.16' ],
15 silly audit   '@vue/babel-helper-vue-transform-on': [ '1.5.0' ],
15 silly audit   '@vue/babel-plugin-jsx': [ '1.5.0' ],
15 silly audit   '@vue/babel-plugin-resolve-type': [ '1.5.0' ],
15 silly audit   '@vue/compiler-core': [ '3.5.18' ],
15 silly audit   '@vue/compiler-dom': [ '3.5.18' ],
15 silly audit   '@vue/compiler-sfc': [ '3.5.18' ],
15 silly audit   '@vue/compiler-ssr': [ '3.5.18' ],
15 silly audit   '@vue/compiler-vue2': [ '2.7.16' ],
15 silly audit   '@vue/devtools-api': [ '6.6.4' ],
15 silly audit   '@vue/devtools-core': [ '7.7.7' ],
15 silly audit   '@vue/devtools-kit': [ '7.7.7' ],
15 silly audit   '@vue/devtools-shared': [ '7.7.7' ],
15 silly audit   '@vue/language-core': [ '3.0.5' ],
15 silly audit   '@vue/reactivity': [ '3.5.18' ],
15 silly audit   '@vue/runtime-core': [ '3.5.18' ],
15 silly audit   '@vue/runtime-dom': [ '3.5.18' ],
15 silly audit   '@vue/server-renderer': [ '3.5.18' ],
15 silly audit   '@vue/shared': [ '3.5.18' ],
15 silly audit   '@whatwg-node/disposablestack': [ '0.0.6' ],
15 silly audit   '@whatwg-node/fetch': [ '0.10.10' ],
15 silly audit   'urlpattern-polyfill': [ '10.1.0', '8.0.2' ],
15 silly audit   '@whatwg-node/node-fetch': [ '0.7.25' ],
15 silly audit   '@whatwg-node/promise-helpers': [ '1.3.2' ],
15 silly audit   '@whatwg-node/server': [ '0.9.71' ],
15 silly audit   abbrev: [ '3.0.1' ],
15 silly audit   'abort-controller': [ '3.0.0' ],
15 silly audit   acorn: [ '8.15.0' ],
15 silly audit   'acorn-import-attributes': [ '1.9.5' ],
15 silly audit   'acorn-jsx': [ '5.3.2' ],
15 silly audit   'agent-base': [ '7.1.4' ],
15 silly audit   ajv: [ '6.12.6' ],
15 silly audit   'alien-signals': [ '2.0.6' ],
15 silly audit   'ansi-regex': [ '6.2.0', '5.0.1' ],
15 silly audit   'ansi-styles': [ '6.2.1', '4.3.0' ],
15 silly audit   ansis: [ '4.1.0' ],
15 silly audit   anymatch: [ '3.1.3' ],
15 silly audit   picomatch: [ '2.3.1', '4.0.3' ],
15 silly audit   archiver: [ '7.0.1' ],
15 silly audit   'archiver-utils': [ '5.0.2' ],
15 silly audit   'are-docs-informative': [ '0.0.2' ],
15 silly audit   argparse: [ '2.0.1' ],
15 silly audit   'ast-kit': [ '2.1.2' ],
15 silly audit   'ast-module-types': [ '6.0.1' ],
15 silly audit   'ast-walker-scope': [ '0.8.2' ],
15 silly audit   async: [ '3.2.6' ],
15 silly audit   'async-sema': [ '3.1.1' ],
15 silly audit   autoprefixer: [ '10.4.21' ],
15 silly audit   b4a: [ '1.6.7' ],
15 silly audit   'balanced-match': [ '1.0.2' ],
15 silly audit   'bare-events': [ '2.6.1' ],
15 silly audit   'bare-fs': [ '4.2.0' ],
15 silly audit   'bare-os': [ '3.6.1' ],
15 silly audit   'bare-path': [ '3.0.0' ],
15 silly audit   'bare-stream': [ '2.7.0' ],
15 silly audit   'base64-js': [ '1.5.1' ],
15 silly audit   bindings: [ '1.5.0' ],
15 silly audit   birpc: [ '2.5.0' ],
15 silly audit   bl: [ '4.1.0' ],
15 silly audit   buffer: [ '5.7.1', '6.0.3' ],
15 silly audit   'readable-stream': [ '3.6.2', '2.3.8', '4.7.0' ],
15 silly audit   boolbase: [ '1.0.0' ],
15 silly audit   braces: [ '3.0.3' ],
15 silly audit   browserslist: [ '4.25.2' ],
15 silly audit   'buffer-crc32': [ '1.0.0', '0.2.13' ],
15 silly audit   'buffer-from': [ '1.1.2' ],
15 silly audit   'builtin-modules': [ '3.3.0', '5.0.0' ],
15 silly audit   'bundle-name': [ '4.1.0' ],
15 silly audit   'bundle-require': [ '5.1.0' ],
15 silly audit   c12: [ '3.2.0' ],
15 silly audit   dotenv: [ '17.2.1', '16.6.1' ],
15 silly audit   cac: [ '6.7.14' ],
15 silly audit   'call-bind-apply-helpers': [ '1.0.2' ],
15 silly audit   'call-bound': [ '1.0.4' ],
15 silly audit   callsite: [ '1.0.0' ],
15 silly audit   callsites: [ '3.1.0' ],
15 silly audit   'caniuse-api': [ '3.0.0' ],
15 silly audit   'caniuse-lite': [ '1.0.30001735' ],
15 silly audit   chalk: [ '4.1.2' ],
15 silly audit   'color-convert': [ '2.0.1', '1.9.3' ],
15 silly audit   'supports-color': [ '7.2.0', '10.2.0' ],
15 silly audit   'change-case': [ '5.4.4' ],
15 silly audit   chokidar: [ '4.0.3' ],
15 silly audit   chownr: [ '3.0.0', '1.1.4' ],
15 silly audit   'ci-info': [ '4.3.0' ],
15 silly audit   citty: [ '0.1.6' ],
15 silly audit   'clean-regexp': [ '1.0.0' ],
15 silly audit   'escape-string-regexp': [ '1.0.5', '5.0.0', '4.0.0' ],
15 silly audit   clipboardy: [ '4.0.0' ],
15 silly audit   cliui: [ '8.0.1' ],
15 silly audit   'emoji-regex': [ '8.0.0', '9.2.2' ],
15 silly audit   'string-width': [ '4.2.3', '5.1.2' ],
15 silly audit   'strip-ansi': [ '6.0.1', '7.1.0' ],
15 silly audit   'wrap-ansi': [ '7.0.0', '8.1.0' ],
15 silly audit   'cluster-key-slot': [ '1.1.2' ],
15 silly audit   color: [ '3.2.1', '4.2.3' ],
15 silly audit   'color-name': [ '1.1.3', '1.1.4' ],
15 silly audit   'color-string': [ '1.9.1' ],
15 silly audit   colord: [ '2.9.3' ],
15 silly audit   colorspace: [ '1.1.4' ],
15 silly audit   commander: [ '10.0.1', '7.2.0', '12.1.0', '11.1.0', '2.20.3' ],
15 silly audit   'comment-parser': [ '1.4.1' ],
15 silly audit   'common-path-prefix': [ '3.0.0' ],
15 silly audit   commondir: [ '1.0.1' ],
15 silly audit   compatx: [ '0.2.0' ],
15 silly audit   'compress-commons': [ '6.0.2' ],
15 silly audit   'concat-map': [ '0.0.1' ],
15 silly audit   confbox: [ '0.2.2', '0.1.8' ],
15 silly audit   consola: [ '3.4.2' ],
15 silly audit   'convert-source-map': [ '2.0.0' ],
15 silly audit   cookie: [ '1.0.2' ],
15 silly audit   'cookie-es': [ '2.0.0', '1.2.2' ],
15 silly audit   'copy-anything': [ '3.0.5' ],
15 silly audit   'copy-file': [ '11.1.0' ],
15 silly audit   'core-js-compat': [ '3.45.0' ],
15 silly audit   'core-util-is': [ '1.0.3' ],
15 silly audit   'crc-32': [ '1.2.2' ],
15 silly audit   'crc32-stream': [ '6.0.0' ],
15 silly audit   'cron-parser': [ '4.9.0' ],
15 silly audit   croner: [ '9.1.0' ],
15 silly audit   'cross-spawn': [ '7.0.6' ],
15 silly audit   isexe: [ '2.0.0', '3.1.1' ],
15 silly audit   which: [ '2.0.2', '5.0.0' ],
15 silly audit   crossws: [ '0.3.5' ],
15 silly audit   'css-declaration-sorter': [ '7.2.0' ],
15 silly audit   'css-select': [ '5.2.2' ],
15 silly audit   'css-tree': [ '3.1.0', '2.2.1', '2.3.1' ],
15 silly audit   'css-what': [ '6.2.2' ],
15 silly audit   cssesc: [ '3.0.0' ],
15 silly audit   cssfilter: [ '0.0.10' ],
15 silly audit   cssnano: [ '7.1.0' ],
15 silly audit   'cssnano-preset-default': [ '7.0.8' ],
15 silly audit   'cssnano-utils': [ '5.0.1' ],
15 silly audit   csso: [ '5.0.5' ],
15 silly audit   'mdn-data': [ '2.0.28', '2.0.30', '2.12.2' ],
15 silly audit   csstype: [ '3.1.3' ],
15 silly audit   'data-uri-to-buffer': [ '4.0.1' ],
15 silly audit   db0: [ '0.3.2' ],
15 silly audit   'de-indent': [ '1.0.2' ],
15 silly audit   debug: [ '4.4.1' ],
15 silly audit   decache: [ '4.6.2' ],
15 silly audit   'decompress-response': [ '6.0.0' ],
15 silly audit   'deep-extend': [ '0.6.0' ],
15 silly audit   'deep-is': [ '0.1.4' ],
15 silly audit   deepmerge: [ '4.3.1' ],
15 silly audit   'default-browser': [ '5.2.1' ],
15 silly audit   'default-browser-id': [ '5.0.0' ],
15 silly audit   defu: [ '6.1.4' ],
15 silly audit   denque: [ '2.1.0' ],
15 silly audit   depd: [ '2.0.0' ],
15 silly audit   destr: [ '2.0.5' ],
15 silly audit   'detective-amd': [ '6.0.1' ],
15 silly audit   'detective-cjs': [ '6.0.1' ],
15 silly audit   'detective-es6': [ '5.0.1' ],
15 silly audit   'detective-postcss': [ '7.0.1' ],
15 silly audit   'detective-sass': [ '6.0.1' ],
15 silly audit   'detective-scss': [ '5.0.1' ],
15 silly audit   'detective-stylus': [ '5.0.1' ],
15 silly audit   'detective-typescript': [ '14.0.0' ],
15 silly audit   'detective-vue2': [ '2.2.0' ],
15 silly audit   devalue: [ '5.1.1' ],
15 silly audit   diff: [ '8.0.2' ],
15 silly audit   'dom-serializer': [ '2.0.0' ],
15 silly audit   domelementtype: [ '2.3.0' ],
15 silly audit   domhandler: [ '5.0.3' ],
15 silly audit   domutils: [ '3.2.2' ],
15 silly audit   'dot-prop': [ '9.0.0' ],
15 silly audit   'dunder-proto': [ '1.0.1' ],
15 silly audit   duplexer: [ '0.1.2' ],
15 silly audit   eastasianwidth: [ '0.2.0' ],
15 silly audit   'ee-first': [ '1.1.1' ],
15 silly audit   'electron-to-chromium': [ '1.5.204' ],
15 silly audit   enabled: [ '2.0.0' ],
15 silly audit   encodeurl: [ '2.0.0' ],
15 silly audit   'end-of-stream': [ '1.4.5' ],
15 silly audit   entities: [ '4.5.0' ],
15 silly audit   'env-paths': [ '3.0.0' ],
15 silly audit   'error-stack-parser-es': [ '1.0.5' ],
15 silly audit   errx: [ '0.1.0' ],
15 silly audit   'es-define-property': [ '1.0.1' ],
15 silly audit   'es-errors': [ '1.3.0' ],
15 silly audit   'es-module-lexer': [ '1.7.0' ],
15 silly audit   'es-object-atoms': [ '1.1.1' ],
15 silly audit   escalade: [ '3.2.0' ],
15 silly audit   'escape-html': [ '1.0.3' ],
15 silly audit   escodegen: [ '2.1.0' ],
15 silly audit   'source-map': [ '0.6.1', '0.7.6' ],
15 silly audit   eslint: [ '9.33.0' ],
15 silly audit   'eslint-config-flat-gitignore': [ '2.1.0' ],
15 silly audit   'eslint-flat-config-utils': [ '2.1.1' ],
15 silly audit   'eslint-import-context': [ '0.1.9' ],
15 silly audit   'eslint-merge-processors': [ '2.0.0' ],
15 silly audit   'eslint-plugin-import-lite': [ '0.3.0' ],
15 silly audit   'eslint-plugin-import-x': [ '4.16.1' ],
15 silly audit   'eslint-plugin-jsdoc': [ '54.1.0' ],
15 silly audit   'spdx-expression-parse': [ '4.0.0', '3.0.1' ],
15 silly audit   'eslint-plugin-regexp': [ '2.10.0' ],
15 silly audit   'eslint-plugin-unicorn': [ '60.0.0' ],
15 silly audit   'is-builtin-module': [ '5.0.0', '3.2.1' ],
15 silly audit   'eslint-plugin-vue': [ '10.4.0' ],
15 silly audit   'postcss-selector-parser': [ '6.1.2', '7.1.0' ],
15 silly audit   'eslint-processor-vue-blocks': [ '2.0.0' ],
15 silly audit   'eslint-scope': [ '8.4.0' ],
15 silly audit   'eslint-typegen': [ '2.3.0' ],
15 silly audit   'find-up': [ '5.0.0', '7.0.0' ],
15 silly audit   'glob-parent': [ '6.0.2', '5.1.2' ],
15 silly audit   'locate-path': [ '6.0.0', '7.2.0' ],
15 silly audit   'p-limit': [ '3.1.0', '4.0.0' ],
15 silly audit   'p-locate': [ '5.0.0', '6.0.0' ],
15 silly audit   'path-exists': [ '4.0.0', '5.0.0' ],
15 silly audit   'yocto-queue': [ '0.1.0', '1.2.1' ],
15 silly audit   espree: [ '10.4.0' ],
15 silly audit   esprima: [ '4.0.1' ],
15 silly audit   esquery: [ '1.6.0' ],
15 silly audit   esrecurse: [ '4.3.0' ],
15 silly audit   estraverse: [ '5.3.0' ],
15 silly audit   esutils: [ '2.0.3' ],
15 silly audit   etag: [ '1.8.1' ],
15 silly audit   'event-target-shim': [ '5.0.1' ],
15 silly audit   events: [ '3.3.0' ],
15 silly audit   execa: [ '8.0.1' ],
15 silly audit   'expand-template': [ '2.0.3' ],
15 silly audit   exsolve: [ '1.0.7' ],
15 silly audit   'extract-zip': [ '2.0.1' ],
15 silly audit   'get-stream': [ '5.2.0', '8.0.1' ],
15 silly audit   'fast-deep-equal': [ '3.1.3' ],
15 silly audit   'fast-fifo': [ '1.3.2' ],
15 silly audit   'fast-glob': [ '3.3.3' ],
15 silly audit   'fast-json-stable-stringify': [ '2.1.0' ],
15 silly audit   'fast-levenshtein': [ '2.0.6' ],
15 silly audit   'fast-npm-meta': [ '0.4.6' ],
15 silly audit   fastq: [ '1.19.1' ],
15 silly audit   'fd-slicer': [ '1.1.0' ],
15 silly audit   fdir: [ '6.5.0' ],
15 silly audit   fecha: [ '4.2.3' ],
15 silly audit   'fetch-blob': [ '3.2.0' ],
15 silly audit   'file-entry-cache': [ '8.0.0' ],
15 silly audit   'file-uri-to-path': [ '1.0.0' ],
15 silly audit   'fill-range': [ '7.1.1' ],
15 silly audit   'filter-obj': [ '6.1.0' ],
15 silly audit   'find-up-simple': [ '1.0.1' ],
15 silly audit   'flat-cache': [ '4.0.1' ],
15 silly audit   flatted: [ '3.3.3' ],
15 silly audit   'fn.name': [ '1.1.0' ],
15 silly audit   'foreground-child': [ '3.3.1' ],
15 silly audit   'formdata-polyfill': [ '4.0.10' ],
15 silly audit   'fraction.js': [ '4.3.7' ],
15 silly audit   fresh: [ '2.0.0' ],
15 silly audit   'fs-constants': [ '1.0.0' ],
15 silly audit   fsevents: [ '2.3.3' ],
15 silly audit   'function-bind': [ '1.1.2' ],
15 silly audit   'fuse.js': [ '7.1.0' ],
15 silly audit   gensync: [ '1.0.0-beta.2' ],
15 silly audit   'get-amd-module-type': [ '6.0.1' ],
15 silly audit   'get-caller-file': [ '2.0.5' ],
15 silly audit   'get-intrinsic': [ '1.3.0' ],
15 silly audit   'get-port-please': [ '3.2.0' ],
15 silly audit   'get-proto': [ '1.0.1' ],
15 silly audit   'get-tsconfig': [ '4.10.1' ],
15 silly audit   giget: [ '2.0.0' ],
15 silly audit   'git-up': [ '8.1.1' ],
15 silly audit   'git-url-parse': [ '16.1.0' ],
15 silly audit   'github-from-package': [ '0.0.0' ],
15 silly audit   glob: [ '10.4.5' ],
15 silly audit   'global-directory': [ '4.0.1' ],
15 silly audit   globby: [ '14.1.0' ],
15 silly audit   'unicorn-magic': [ '0.3.0', '0.1.0' ],
15 silly audit   'gonzales-pe': [ '4.3.0' ],
15 silly audit   gopd: [ '1.2.0' ],
15 silly audit   'graceful-fs': [ '4.2.11' ],
15 silly audit   graphemer: [ '1.4.0' ],
15 silly audit   'gzip-size': [ '7.0.0' ],
15 silly audit   h3: [ '1.15.4' ],
15 silly audit   'has-flag': [ '4.0.0' ],
15 silly audit   'has-symbols': [ '1.1.0' ],
15 silly audit   hasown: [ '2.0.2' ],
15 silly audit   he: [ '1.2.0' ],
15 silly audit   hookable: [ '5.5.3' ],
15 silly audit   'hosted-git-info': [ '7.0.2' ],
15 silly audit   'lru-cache': [ '10.4.3', '5.1.1' ],
15 silly audit   'http-errors': [ '2.0.0' ],
15 silly audit   statuses: [ '2.0.1', '2.0.2' ],
15 silly audit   'http-shutdown': [ '1.2.2' ],
15 silly audit   'https-proxy-agent': [ '7.0.6' ],
15 silly audit   httpxy: [ '0.1.7' ],
15 silly audit   'human-signals': [ '5.0.0' ],
15 silly audit   ieee754: [ '1.2.1' ],
15 silly audit   'image-meta': [ '0.2.1' ],
15 silly audit   'import-fresh': [ '3.3.1' ],
15 silly audit   'resolve-from': [ '4.0.0', '5.0.0' ],
15 silly audit   impound: [ '1.0.0' ],
15 silly audit   imurmurhash: [ '0.1.4' ],
15 silly audit   'indent-string': [ '5.0.0' ],
15 silly audit   'index-to-position': [ '1.1.0' ],
15 silly audit   inherits: [ '2.0.4' ],
15 silly audit   ini: [ '4.1.1', '1.3.8' ],
15 silly audit   ioredis: [ '5.7.0' ],
15 silly audit   ipx: [ '2.1.1' ],
15 silly audit   pathe: [ '1.1.2', '2.0.3' ],
15 silly audit   svgo: [ '3.3.2', '4.0.0' ],
15 silly audit   'iron-webcrypto': [ '1.2.1' ],
15 silly audit   'is-arrayish': [ '0.3.2' ],
15 silly audit   'is-core-module': [ '2.16.1' ],
15 silly audit   'is-docker': [ '3.0.0', '2.2.1' ],
15 silly audit   'is-extglob': [ '2.1.1' ],
15 silly audit   'is-fullwidth-code-point': [ '3.0.0' ],
15 silly audit   'is-glob': [ '4.0.3' ],
15 silly audit   'is-inside-container': [ '1.0.0' ],
15 silly audit   'is-installed-globally': [ '1.0.0' ],
15 silly audit   'is-module': [ '1.0.0' ],
15 silly audit   'is-number': [ '7.0.0' ],
15 silly audit   'is-path-inside': [ '4.0.0' ],
15 silly audit   'is-plain-obj': [ '2.1.0' ],
15 silly audit   'is-reference': [ '1.2.1' ],
15 silly audit   'is-ssh': [ '1.4.1' ],
15 silly audit   'is-url': [ '1.2.4' ],
15 silly audit   'is-url-superb': [ '4.0.0' ],
15 silly audit   'is-what': [ '4.1.16' ],
15 silly audit   'is-wsl': [ '3.1.0', '2.2.0' ],
15 silly audit   is64bit: [ '2.0.0' ],
15 silly audit   isarray: [ '1.0.0' ],
15 silly audit   jackspeak: [ '3.4.3' ],
15 silly audit   jiti: [ '2.5.1' ],
15 silly audit   'js-tokens': [ '4.0.0', '9.0.1' ],
15 silly audit   'js-yaml': [ '4.1.0' ],
15 silly audit   'jsdoc-type-pratt-parser': [ '4.8.0' ],
15 silly audit   jsesc: [ '3.1.0', '3.0.2' ],
15 silly audit   'json-buffer': [ '3.0.1' ],
15 silly audit   'json-schema-to-typescript-lite': [ '15.0.0' ],
15 silly audit   'json-schema-traverse': [ '0.4.1' ],
15 silly audit   'json-stable-stringify-without-jsonify': [ '1.0.1' ],
15 silly audit   json5: [ '2.2.3' ],
15 silly audit   junk: [ '4.0.1' ],
15 silly audit   'jwt-decode': [ '4.0.0' ],
15 silly audit   keyv: [ '4.5.4' ],
15 silly audit   klona: [ '2.0.6' ],
15 silly audit   knitwork: [ '1.2.0' ],
15 silly audit   kolorist: [ '1.8.0' ],
15 silly audit   kuler: [ '2.0.0' ],
15 silly audit   'lambda-local': [ '2.2.0' ],
15 silly audit   'launch-editor': [ '2.11.1' ],
15 silly audit   lazystream: [ '1.0.1' ],
15 silly audit   'safe-buffer': [ '5.1.2', '5.2.1' ],
15 silly audit   string_decoder: [ '1.1.1', '1.3.0' ],
15 silly audit   levn: [ '0.4.1' ],
15 silly audit   lilconfig: [ '3.1.3' ],
15 silly audit   listhen: [ '1.9.0' ],
15 silly audit   'load-tsconfig': [ '0.2.5' ],
15 silly audit   'local-pkg': [ '1.1.1' ],
15 silly audit   lodash: [ '4.17.21' ],
15 silly audit   'lodash-es': [ '4.17.21' ],
15 silly audit   'lodash.debounce': [ '4.0.8' ],
15 silly audit   'lodash.defaults': [ '4.2.0' ],
15 silly audit   'lodash.isarguments': [ '3.1.0' ],
15 silly audit   'lodash.memoize': [ '4.1.2' ],
15 silly audit   'lodash.merge': [ '4.6.2' ],
15 silly audit   'lodash.uniq': [ '4.5.0' ],
15 silly audit   logform: [ '2.7.0' ],
15 silly audit   luxon: [ '3.7.1' ],
15 silly audit   'magic-regexp': [ '0.10.0' ],
15 silly audit   'magic-string': [ '0.30.17' ],
15 silly audit   'magic-string-ast': [ '1.0.2' ],
15 silly audit   magicast: [ '0.3.5' ],
15 silly audit   'math-intrinsics': [ '1.1.0' ],
15 silly audit   'merge-options': [ '3.0.4' ],
15 silly audit   'merge-stream': [ '2.0.0' ],
15 silly audit   merge2: [ '1.4.1' ],
15 silly audit   'micro-api-client': [ '3.3.0' ],
15 silly audit   micromatch: [ '4.0.8' ],
15 silly audit   'mime-db': [ '1.54.0' ],
15 silly audit   'mime-types': [ '3.0.1' ],
15 silly audit   'mimic-fn': [ '4.0.0' ],
15 silly audit   'mimic-response': [ '3.1.0' ],
15 silly audit   'min-indent': [ '1.0.1' ],
15 silly audit   minimist: [ '1.2.8' ],
15 silly audit   minipass: [ '7.1.2' ],
15 silly audit   minizlib: [ '3.0.2' ],
15 silly audit   mitt: [ '3.0.1' ],
15 silly audit   mkdirp: [ '3.0.1' ],
15 silly audit   'mkdirp-classic': [ '0.5.3' ],
15 silly audit   mlly: [ '1.7.4' ],
15 silly audit   'pkg-types': [ '1.3.1', '2.2.0' ],
15 silly audit   'mocked-exports': [ '0.1.1' ],
15 silly audit   'module-definition': [ '6.0.1' ],
15 silly audit   mrmime: [ '2.0.1' ],
15 silly audit   ms: [ '2.1.3' ],
15 silly audit   'muggle-string': [ '0.4.1' ],
15 silly audit   nanoid: [ '5.1.5', '3.3.11' ],
15 silly audit   nanotar: [ '0.2.0' ],
15 silly audit   'napi-build-utils': [ '2.0.0' ],
15 silly audit   'napi-postinstall': [ '0.3.3' ],
15 silly audit   'natural-compare': [ '1.4.0' ],
15 silly audit   netlify: [ '13.3.5' ],
15 silly audit   'node-fetch': [ '3.3.2', '2.7.0' ],
15 silly audit   nitropack: [ '2.12.4' ],
15 silly audit   youch: [ '4.1.0-beta.8', '4.1.0-beta.11' ],
15 silly audit   'node-abi': [ '3.75.0' ],
15 silly audit   'node-addon-api': [ '7.1.1', '6.1.0' ],
15 silly audit   'node-domexception': [ '1.0.0' ],
15 silly audit   'node-fetch-native': [ '1.6.7' ],
15 silly audit   'node-forge': [ '1.3.1' ],
15 silly audit   'node-gyp-build': [ '4.8.4' ],
15 silly audit   'node-mock-http': [ '1.0.2' ],
15 silly audit   'node-releases': [ '2.0.19' ],
15 silly audit   'node-source-walk': [ '7.0.1' ],
15 silly audit   nopt: [ '8.1.0' ],
15 silly audit   'normalize-package-data': [ '6.0.2' ],
15 silly audit   'normalize-path': [ '3.0.0', '2.1.1' ],
15 silly audit   'normalize-range': [ '0.1.2' ],
15 silly audit   'npm-run-path': [ '5.3.0', '6.0.0' ],
15 silly audit   'path-key': [ '4.0.0', '3.1.1' ],
15 silly audit   'nth-check': [ '2.1.1' ],
15 silly audit   nuxt: [ '4.0.3' ],
15 silly audit   nypm: [ '0.6.1' ],
15 silly audit   'object-inspect': [ '1.13.4' ],
15 silly audit   ofetch: [ '1.4.1' ],
15 silly audit   ohash: [ '2.0.11' ],
15 silly audit   'on-change': [ '5.0.1' ],
15 silly audit   'on-finished': [ '2.4.1' ],
15 silly audit   once: [ '1.4.0' ],
15 silly audit   'one-time': [ '1.0.0' ],
15 silly audit   onetime: [ '6.0.0' ],
15 silly audit   optionator: [ '0.9.4' ],
15 silly audit   'oxc-minify': [ '0.80.0' ],
15 silly audit   'oxc-parser': [ '0.80.0' ],
15 silly audit   'oxc-transform': [ '0.80.0' ],
15 silly audit   'oxc-walker': [ '0.4.0' ],
15 silly audit   'p-event': [ '6.0.1' ],
15 silly audit   'p-map': [ '7.0.3' ],
15 silly audit   'p-timeout': [ '6.1.4' ],
15 silly audit   'p-wait-for': [ '5.0.2' ],
15 silly audit   'package-json-from-dist': [ '1.0.1' ],
15 silly audit   'package-manager-detector': [ '1.3.0' ],
15 silly audit   'parent-module': [ '1.0.1' ],
15 silly audit   'parse-gitignore': [ '2.0.0' ],
15 silly audit   'parse-imports-exports': [ '0.2.4' ],
15 silly audit   'parse-json': [ '8.3.0' ],
15 silly audit   'parse-path': [ '7.1.0' ],
15 silly audit   'parse-statements': [ '1.0.11' ],
15 silly audit   'parse-url': [ '9.2.0' ],
15 silly audit   parseurl: [ '1.3.3' ],
15 silly audit   'path-browserify': [ '1.0.1' ],
15 silly audit   'path-parse': [ '1.0.7' ],
15 silly audit   'path-scurry': [ '1.11.1' ],
15 silly audit   'path-type': [ '6.0.0' ],
15 silly audit   pend: [ '1.2.0' ],
15 silly audit   'perfect-debounce': [ '1.0.0' ],
15 silly audit   picocolors: [ '1.1.1' ],
15 silly audit   pluralize: [ '8.0.0' ],
15 silly audit   postcss: [ '8.5.6' ],
15 silly audit   'postcss-calc': [ '10.1.1' ],
15 silly audit   'postcss-colormin': [ '7.0.4' ],
15 silly audit   'postcss-convert-values': [ '7.0.6' ],
15 silly audit   'postcss-discard-comments': [ '7.0.4' ],
15 silly audit   'postcss-discard-duplicates': [ '7.0.2' ],
15 silly audit   'postcss-discard-empty': [ '7.0.1' ],
15 silly audit   'postcss-discard-overridden': [ '7.0.1' ],
15 silly audit   'postcss-merge-longhand': [ '7.0.5' ],
15 silly audit   'postcss-merge-rules': [ '7.0.6' ],
15 silly audit   'postcss-minify-font-values': [ '7.0.1' ],
15 silly audit   'postcss-minify-gradients': [ '7.0.1' ],
15 silly audit   'postcss-minify-params': [ '7.0.4' ],
15 silly audit   'postcss-minify-selectors': [ '7.0.5' ],
15 silly audit   'postcss-normalize-charset': [ '7.0.1' ],
15 silly audit   'postcss-normalize-display-values': [ '7.0.1' ],
15 silly audit   'postcss-normalize-positions': [ '7.0.1' ],
15 silly audit   'postcss-normalize-repeat-style': [ '7.0.1' ],
15 silly audit   'postcss-normalize-string': [ '7.0.1' ],
15 silly audit   'postcss-normalize-timing-functions': [ '7.0.1' ],
15 silly audit   'postcss-normalize-unicode': [ '7.0.4' ],
15 silly audit   'postcss-normalize-url': [ '7.0.1' ],
15 silly audit   'postcss-normalize-whitespace': [ '7.0.1' ],
15 silly audit   'postcss-ordered-values': [ '7.0.2' ],
15 silly audit   'postcss-reduce-initial': [ '7.0.4' ],
15 silly audit   'postcss-reduce-transforms': [ '7.0.1' ],
15 silly audit   'postcss-svgo': [ '7.1.0' ],
15 silly audit   'postcss-unique-selectors': [ '7.0.4' ],
15 silly audit   'postcss-value-parser': [ '4.2.0' ],
15 silly audit   'postcss-values-parser': [ '6.0.2' ],
15 silly audit   'prebuild-install': [ '7.1.3' ],
15 silly audit   'tar-fs': [ '2.1.3', '3.1.0' ],
15 silly audit   'tar-stream': [ '2.2.0', '3.1.7' ],
15 silly audit   precinct: [ '12.2.0' ],
15 silly audit   'prelude-ls': [ '1.2.1' ],
15 silly audit   'pretty-bytes': [ '6.1.1' ],
15 silly audit   process: [ '0.11.10' ],
15 silly audit   'process-nextick-args': [ '2.0.1' ],
15 silly audit   prompts: [ '2.4.2' ],
15 silly audit   protocols: [ '2.0.2' ],
15 silly audit   pump: [ '3.0.3' ],
15 silly audit   punycode: [ '2.3.1' ],
15 silly audit   qs: [ '6.14.0' ],
15 silly audit   quansync: [ '0.2.11' ],
15 silly audit   'queue-microtask': [ '1.2.3' ],
15 silly audit   'quote-unquote': [ '1.0.0' ],
15 silly audit   radix3: [ '1.1.2' ],
15 silly audit   randombytes: [ '2.1.0' ],
15 silly audit   'range-parser': [ '1.2.1' ],
15 silly audit   rc: [ '1.2.8' ],
15 silly audit   'strip-json-comments': [ '2.0.1', '3.1.1' ],
15 silly audit   rc9: [ '2.1.2' ],
15 silly audit   'read-package-up': [ '11.0.0' ],
15 silly audit   'read-pkg': [ '9.0.1' ],
15 silly audit   'readdir-glob': [ '1.1.3' ],
15 silly audit   readdirp: [ '4.1.2' ],
15 silly audit   'redis-errors': [ '1.2.0' ],
15 silly audit   'redis-parser': [ '3.0.0' ],
15 silly audit   refa: [ '0.12.1' ],
15 silly audit   'regexp-ast-analysis': [ '0.7.1' ],
15 silly audit   'regexp-tree': [ '0.1.27' ],
15 silly audit   regjsparser: [ '0.12.0' ],
15 silly audit   'remove-trailing-separator': [ '1.1.0' ],
15 silly audit   'require-directory': [ '2.1.1' ],
15 silly audit   'require-package-name': [ '2.0.1' ],
15 silly audit   'resolve-pkg-maps': [ '1.0.0' ],
15 silly audit   reusify: [ '1.1.0' ],
15 silly audit   rfdc: [ '1.4.1' ],
15 silly audit   rollup: [ '4.46.3' ],
15 silly audit   'rollup-plugin-visualizer': [ '6.0.3' ],
15 silly audit   'run-applescript': [ '7.0.0' ],
15 silly audit   'run-parallel': [ '1.2.0' ],
15 silly audit   'safe-stable-stringify': [ '2.5.0' ],
15 silly audit   sax: [ '1.4.1' ],
15 silly audit   scslre: [ '0.3.0' ],
15 silly audit   scule: [ '1.3.0' ],
15 silly audit   send: [ '1.2.0' ],
15 silly audit   'serialize-javascript': [ '6.0.2' ],
15 silly audit   'serve-placeholder': [ '2.0.2' ],
15 silly audit   'serve-static': [ '2.2.0' ],
15 silly audit   setprototypeof: [ '1.2.0' ],
15 silly audit   sharp: [ '0.32.6' ],
15 silly audit   'shebang-command': [ '2.0.0' ],
15 silly audit   'shebang-regex': [ '3.0.0' ],
15 silly audit   'shell-quote': [ '1.8.3' ],
15 silly audit   'side-channel': [ '1.1.0' ],
15 silly audit   'side-channel-list': [ '1.0.0' ],
15 silly audit   'side-channel-map': [ '1.0.1' ],
15 silly audit   'side-channel-weakmap': [ '1.0.2' ],
15 silly audit   'signal-exit': [ '4.1.0' ],
15 silly audit   'simple-concat': [ '1.0.1' ],
15 silly audit   'simple-get': [ '4.0.1' ],
15 silly audit   'simple-git': [ '3.28.0' ],
15 silly audit   'simple-swizzle': [ '0.2.2' ],
15 silly audit   sirv: [ '3.0.1' ],
15 silly audit   sisteransi: [ '1.0.5' ],
15 silly audit   slash: [ '5.1.0' ],
15 silly audit   smob: [ '1.5.0' ],
15 silly audit   'source-map-js': [ '1.2.1' ],
15 silly audit   'source-map-support': [ '0.5.21' ],
15 silly audit   'spdx-correct': [ '3.2.0' ],
15 silly audit   'spdx-exceptions': [ '2.5.0' ],
15 silly audit   'spdx-license-ids': [ '3.0.22' ],
15 silly audit   speakingurl: [ '14.0.1' ],
15 silly audit   'stable-hash-x': [ '0.2.0' ],
15 silly audit   'stack-trace': [ '0.0.10' ],
15 silly audit   'standard-as-callback': [ '2.1.0' ],
15 silly audit   'std-env': [ '3.9.0' ],
15 silly audit   streamx: [ '2.22.1' ],
15 silly audit   'strip-final-newline': [ '3.0.0' ],
15 silly audit   'strip-indent': [ '4.0.0' ],
15 silly audit   'strip-literal': [ '3.0.0' ],
15 silly audit   'structured-clone-es': [ '1.0.0' ],
15 silly audit   stylehacks: [ '7.0.6' ],
15 silly audit   superjson: [ '2.2.2' ],
15 silly audit   'supports-preserve-symlinks-flag': [ '1.0.0' ],
15 silly audit   'system-architecture': [ '0.1.0' ],
15 silly audit   tar: [ '7.4.3' ],
15 silly audit   yallist: [ '5.0.0', '3.1.1' ],
15 silly audit   terser: [ '5.43.1' ],
15 silly audit   'text-decoder': [ '1.2.3' ],
15 silly audit   'text-hex': [ '1.0.0' ],
15 silly audit   'tiny-invariant': [ '1.3.3' ],
15 silly audit   tinyexec: [ '1.0.1' ],
15 silly audit   tinyglobby: [ '0.2.14' ],
15 silly audit   tmp: [ '0.2.5' ],
15 silly audit   'tmp-promise': [ '3.0.3' ],
15 silly audit   'to-regex-range': [ '5.0.1' ],
15 silly audit   toidentifier: [ '1.0.1' ],
15 silly audit   toml: [ '3.0.0' ],
15 silly audit   totalist: [ '3.0.1' ],
15 silly audit   tr46: [ '0.0.3' ],
15 silly audit   'triple-beam': [ '1.4.1' ],
15 silly audit   'ts-api-utils': [ '2.1.0' ],
15 silly audit   tslib: [ '2.8.1' ],
15 silly audit   'tunnel-agent': [ '0.6.0' ],
15 silly audit   'type-check': [ '0.4.0' ],
15 silly audit   'type-fest': [ '4.41.0' ],
15 silly audit   'type-level-regexp': [ '0.1.17' ],
15 silly audit   typescript: [ '5.9.2' ],
15 silly audit   ufo: [ '1.6.1' ],
15 silly audit   ultrahtml: [ '1.6.0' ],
15 silly audit   uncrypto: [ '0.1.3' ],
15 silly audit   unctx: [ '2.4.1' ],
15 silly audit   'undici-types': [ '7.10.0' ],
15 silly audit   unenv: [ '2.0.0-rc.19' ],
15 silly audit   unhead: [ '2.0.14' ],
15 silly audit   unimport: [ '5.2.0' ],
15 silly audit   unixify: [ '1.0.0' ],
15 silly audit   unplugin: [ '2.3.6' ],
15 silly audit   'unplugin-utils': [ '0.2.5' ],
15 silly audit   'unplugin-vue-router': [ '0.15.0' ],
15 silly audit   'unrs-resolver': [ '1.11.1' ],
15 silly audit   unstorage: [ '1.16.1' ],
15 silly audit   untun: [ '0.1.3' ],
15 silly audit   untyped: [ '2.0.0' ],
15 silly audit   unwasm: [ '0.3.11' ],
15 silly audit   'update-browserslist-db': [ '1.1.3' ],
15 silly audit   uqr: [ '0.1.2' ],
15 silly audit   'uri-js': [ '4.4.1' ],
15 silly audit   'util-deprecate': [ '1.0.2' ],
15 silly audit   uuid: [ '11.1.0' ],
15 silly audit   'validate-npm-package-license': [ '3.0.4' ],
15 silly audit   vite: [ '7.1.2' ],
15 silly audit   'vite-dev-rpc': [ '1.1.0' ],
15 silly audit   'vite-hot-client': [ '2.1.0' ],
15 silly audit   'vite-node': [ '3.2.4' ],
15 silly audit   'vite-plugin-checker': [ '0.10.2' ],
15 silly audit   'vite-plugin-inspect': [ '11.3.2' ],
15 silly audit   'vite-plugin-vue-tracer': [ '1.0.0' ],
15 silly audit   'vscode-uri': [ '3.1.0' ],
15 silly audit   vue: [ '3.5.18' ],
15 silly audit   'vue-bundle-renderer': [ '2.1.2' ],
15 silly audit   'vue-devtools-stub': [ '0.1.0' ],
15 silly audit   'vue-eslint-parser': [ '10.2.0' ],
15 silly audit   'vue-router': [ '4.5.1' ],
15 silly audit   'web-streams-polyfill': [ '3.3.3' ],
15 silly audit   'webidl-conversions': [ '3.0.1' ],
15 silly audit   'webpack-virtual-modules': [ '0.6.2' ],
15 silly audit   'whatwg-url': [ '5.0.0' ],
15 silly audit   winston: [ '3.17.0' ],
15 silly audit   'winston-transport': [ '4.9.0' ],
15 silly audit   'word-wrap': [ '1.2.5' ],
15 silly audit   wrappy: [ '1.0.2' ],
15 silly audit   'write-file-atomic': [ '6.0.0' ],
15 silly audit   ws: [ '8.18.3' ],
15 silly audit   'wsl-utils': [ '0.1.0' ],
15 silly audit   'xml-name-validator': [ '4.0.0' ],
15 silly audit   xss: [ '1.0.15' ],
15 silly audit   y18n: [ '5.0.8' ],
15 silly audit   yaml: [ '2.8.1' ],
15 silly audit   yargs: [ '17.7.2' ],
15 silly audit   'yargs-parser': [ '21.1.1' ],
15 silly audit   yauzl: [ '2.10.0' ],
15 silly audit   'youch-core': [ '0.3.3' ],
15 silly audit   'zip-stream': [ '6.0.1' ],
15 silly audit   zod: [ '3.25.76' ],
15 silly audit   'napi-wasm': [ '1.1.0' ]
15 silly audit }
16 verbose reify failed optional dependency /app/node_modules/fsevents
17 silly reify mark deleted [ '/app/node_modules/fsevents' ]
18 verbose reify failed optional dependency /app/node_modules/@unrs/resolver-binding-win32-x64-msvc
19 silly reify mark deleted [ '/app/node_modules/@unrs/resolver-binding-win32-x64-msvc' ]
20 verbose reify failed optional dependency /app/node_modules/@unrs/resolver-binding-win32-ia32-msvc
21 silly reify mark deleted [ '/app/node_modules/@unrs/resolver-binding-win32-ia32-msvc' ]
22 verbose reify failed optional dependency /app/node_modules/@unrs/resolver-binding-win32-arm64-msvc
23 silly reify mark deleted [ '/app/node_modules/@unrs/resolver-binding-win32-arm64-msvc' ]
24 verbose reify failed optional dependency /app/node_modules/@unrs/resolver-binding-wasm32-wasi
25 silly reify mark deleted [ '/app/node_modules/@unrs/resolver-binding-wasm32-wasi' ]
26 verbose reify failed optional dependency /app/node_modules/@unrs/resolver-binding-wasm32-wasi/node_modules/@napi-rs/wasm-runtime
27 silly reify mark deleted [
27 silly reify   '/app/node_modules/@unrs/resolver-binding-wasm32-wasi/node_modules/@napi-rs/wasm-runtime'
27 silly reify ]
28 verbose reify failed optional dependency /app/node_modules/@unrs/resolver-binding-linux-s390x-gnu
29 silly reify mark deleted [ '/app/node_modules/@unrs/resolver-binding-linux-s390x-gnu' ]
30 verbose reify failed optional dependency /app/node_modules/@unrs/resolver-binding-linux-riscv64-musl
31 silly reify mark deleted [ '/app/node_modules/@unrs/resolver-binding-linux-riscv64-musl' ]
32 verbose reify failed optional dependency /app/node_modules/@unrs/resolver-binding-linux-riscv64-gnu
33 silly reify mark deleted [ '/app/node_modules/@unrs/resolver-binding-linux-riscv64-gnu' ]
34 verbose reify failed optional dependency /app/node_modules/@unrs/resolver-binding-linux-ppc64-gnu
35 silly reify mark deleted [ '/app/node_modules/@unrs/resolver-binding-linux-ppc64-gnu' ]
36 verbose reify failed optional dependency /app/node_modules/@unrs/resolver-binding-linux-arm64-musl
37 silly reify mark deleted [ '/app/node_modules/@unrs/resolver-binding-linux-arm64-musl' ]
38 verbose reify failed optional dependency /app/node_modules/@unrs/resolver-binding-linux-arm64-gnu
39 silly reify mark deleted [ '/app/node_modules/@unrs/resolver-binding-linux-arm64-gnu' ]
40 verbose reify failed optional dependency /app/node_modules/@unrs/resolver-binding-linux-arm-musleabihf
41 silly reify mark deleted [ '/app/node_modules/@unrs/resolver-binding-linux-arm-musleabihf' ]
42 verbose reify failed optional dependency /app/node_modules/@unrs/resolver-binding-linux-arm-gnueabihf
43 silly reify mark deleted [ '/app/node_modules/@unrs/resolver-binding-linux-arm-gnueabihf' ]
44 verbose reify failed optional dependency /app/node_modules/@unrs/resolver-binding-freebsd-x64
45 silly reify mark deleted [ '/app/node_modules/@unrs/resolver-binding-freebsd-x64' ]
46 verbose reify failed optional dependency /app/node_modules/@unrs/resolver-binding-darwin-x64
47 silly reify mark deleted [ '/app/node_modules/@unrs/resolver-binding-darwin-x64' ]
48 verbose reify failed optional dependency /app/node_modules/@unrs/resolver-binding-darwin-arm64
49 silly reify mark deleted [ '/app/node_modules/@unrs/resolver-binding-darwin-arm64' ]
50 verbose reify failed optional dependency /app/node_modules/@unrs/resolver-binding-android-arm64
51 silly reify mark deleted [ '/app/node_modules/@unrs/resolver-binding-android-arm64' ]
52 verbose reify failed optional dependency /app/node_modules/@unrs/resolver-binding-android-arm-eabi
53 silly reify mark deleted [ '/app/node_modules/@unrs/resolver-binding-android-arm-eabi' ]
54 verbose reify failed optional dependency /app/node_modules/@rollup/rollup-win32-x64-msvc
55 silly reify mark deleted [ '/app/node_modules/@rollup/rollup-win32-x64-msvc' ]
56 verbose reify failed optional dependency /app/node_modules/@rollup/rollup-win32-ia32-msvc
57 silly reify mark deleted [ '/app/node_modules/@rollup/rollup-win32-ia32-msvc' ]
58 verbose reify failed optional dependency /app/node_modules/@rollup/rollup-win32-arm64-msvc
59 silly reify mark deleted [ '/app/node_modules/@rollup/rollup-win32-arm64-msvc' ]
60 verbose reify failed optional dependency /app/node_modules/@rollup/rollup-linux-s390x-gnu
61 silly reify mark deleted [ '/app/node_modules/@rollup/rollup-linux-s390x-gnu' ]
62 verbose reify failed optional dependency /app/node_modules/@rollup/rollup-linux-riscv64-musl
63 silly reify mark deleted [ '/app/node_modules/@rollup/rollup-linux-riscv64-musl' ]
64 verbose reify failed optional dependency /app/node_modules/@rollup/rollup-linux-riscv64-gnu
65 silly reify mark deleted [ '/app/node_modules/@rollup/rollup-linux-riscv64-gnu' ]
66 verbose reify failed optional dependency /app/node_modules/@rollup/rollup-linux-ppc64-gnu
67 silly reify mark deleted [ '/app/node_modules/@rollup/rollup-linux-ppc64-gnu' ]
68 verbose reify failed optional dependency /app/node_modules/@rollup/rollup-linux-loongarch64-gnu
69 silly reify mark deleted [ '/app/node_modules/@rollup/rollup-linux-loongarch64-gnu' ]
70 verbose reify failed optional dependency /app/node_modules/@rollup/rollup-linux-arm64-musl
71 silly reify mark deleted [ '/app/node_modules/@rollup/rollup-linux-arm64-musl' ]
72 verbose reify failed optional dependency /app/node_modules/@rollup/rollup-linux-arm64-gnu
73 silly reify mark deleted [ '/app/node_modules/@rollup/rollup-linux-arm64-gnu' ]
74 verbose reify failed optional dependency /app/node_modules/@rollup/rollup-linux-arm-musleabihf
75 silly reify mark deleted [ '/app/node_modules/@rollup/rollup-linux-arm-musleabihf' ]
76 verbose reify failed optional dependency /app/node_modules/@rollup/rollup-linux-arm-gnueabihf
77 silly reify mark deleted [ '/app/node_modules/@rollup/rollup-linux-arm-gnueabihf' ]
78 verbose reify failed optional dependency /app/node_modules/@rollup/rollup-freebsd-x64
79 silly reify mark deleted [ '/app/node_modules/@rollup/rollup-freebsd-x64' ]
80 verbose reify failed optional dependency /app/node_modules/@rollup/rollup-freebsd-arm64
81 silly reify mark deleted [ '/app/node_modules/@rollup/rollup-freebsd-arm64' ]
82 verbose reify failed optional dependency /app/node_modules/@rollup/rollup-darwin-x64
83 silly reify mark deleted [ '/app/node_modules/@rollup/rollup-darwin-x64' ]
84 verbose reify failed optional dependency /app/node_modules/@rollup/rollup-darwin-arm64
85 silly reify mark deleted [ '/app/node_modules/@rollup/rollup-darwin-arm64' ]
86 verbose reify failed optional dependency /app/node_modules/@rollup/rollup-android-arm64
87 silly reify mark deleted [ '/app/node_modules/@rollup/rollup-android-arm64' ]
88 verbose reify failed optional dependency /app/node_modules/@rollup/rollup-android-arm-eabi
89 silly reify mark deleted [ '/app/node_modules/@rollup/rollup-android-arm-eabi' ]
90 verbose reify failed optional dependency /app/node_modules/@parcel/watcher-win32-x64
91 silly reify mark deleted [ '/app/node_modules/@parcel/watcher-win32-x64' ]
92 verbose reify failed optional dependency /app/node_modules/@parcel/watcher-win32-ia32
93 silly reify mark deleted [ '/app/node_modules/@parcel/watcher-win32-ia32' ]
94 verbose reify failed optional dependency /app/node_modules/@parcel/watcher-win32-arm64
95 silly reify mark deleted [ '/app/node_modules/@parcel/watcher-win32-arm64' ]
96 verbose reify failed optional dependency /app/node_modules/@parcel/watcher-linux-arm64-musl
97 silly reify mark deleted [ '/app/node_modules/@parcel/watcher-linux-arm64-musl' ]
98 verbose reify failed optional dependency /app/node_modules/@parcel/watcher-linux-arm64-glibc
99 silly reify mark deleted [ '/app/node_modules/@parcel/watcher-linux-arm64-glibc' ]
100 verbose reify failed optional dependency /app/node_modules/@parcel/watcher-linux-arm-musl
101 silly reify mark deleted [ '/app/node_modules/@parcel/watcher-linux-arm-musl' ]
102 verbose reify failed optional dependency /app/node_modules/@parcel/watcher-linux-arm-glibc
103 silly reify mark deleted [ '/app/node_modules/@parcel/watcher-linux-arm-glibc' ]
104 verbose reify failed optional dependency /app/node_modules/@parcel/watcher-freebsd-x64
105 silly reify mark deleted [ '/app/node_modules/@parcel/watcher-freebsd-x64' ]
106 verbose reify failed optional dependency /app/node_modules/@parcel/watcher-darwin-x64
107 silly reify mark deleted [ '/app/node_modules/@parcel/watcher-darwin-x64' ]
108 verbose reify failed optional dependency /app/node_modules/@parcel/watcher-darwin-arm64
109 silly reify mark deleted [ '/app/node_modules/@parcel/watcher-darwin-arm64' ]
110 verbose reify failed optional dependency /app/node_modules/@parcel/watcher-android-arm64
111 silly reify mark deleted [ '/app/node_modules/@parcel/watcher-android-arm64' ]
112 verbose reify failed optional dependency /app/node_modules/@oxc-transform/binding-win32-x64-msvc
113 silly reify mark deleted [ '/app/node_modules/@oxc-transform/binding-win32-x64-msvc' ]
114 verbose reify failed optional dependency /app/node_modules/@oxc-transform/binding-win32-arm64-msvc
115 silly reify mark deleted [ '/app/node_modules/@oxc-transform/binding-win32-arm64-msvc' ]
116 verbose reify failed optional dependency /app/node_modules/@oxc-transform/binding-wasm32-wasi
117 silly reify mark deleted [ '/app/node_modules/@oxc-transform/binding-wasm32-wasi' ]
118 verbose reify failed optional dependency /app/node_modules/@oxc-transform/binding-linux-s390x-gnu
119 silly reify mark deleted [ '/app/node_modules/@oxc-transform/binding-linux-s390x-gnu' ]
120 verbose reify failed optional dependency /app/node_modules/@oxc-transform/binding-linux-riscv64-gnu
121 silly reify mark deleted [ '/app/node_modules/@oxc-transform/binding-linux-riscv64-gnu' ]
122 verbose reify failed optional dependency /app/node_modules/@oxc-transform/binding-linux-arm64-musl
123 silly reify mark deleted [ '/app/node_modules/@oxc-transform/binding-linux-arm64-musl' ]
124 verbose reify failed optional dependency /app/node_modules/@oxc-transform/binding-linux-arm64-gnu
125 silly reify mark deleted [ '/app/node_modules/@oxc-transform/binding-linux-arm64-gnu' ]
126 verbose reify failed optional dependency /app/node_modules/@oxc-transform/binding-linux-arm-musleabihf
127 silly reify mark deleted [ '/app/node_modules/@oxc-transform/binding-linux-arm-musleabihf' ]
128 verbose reify failed optional dependency /app/node_modules/@oxc-transform/binding-linux-arm-gnueabihf
129 silly reify mark deleted [ '/app/node_modules/@oxc-transform/binding-linux-arm-gnueabihf' ]
130 verbose reify failed optional dependency /app/node_modules/@oxc-transform/binding-freebsd-x64
131 silly reify mark deleted [ '/app/node_modules/@oxc-transform/binding-freebsd-x64' ]
132 verbose reify failed optional dependency /app/node_modules/@oxc-transform/binding-darwin-x64
133 silly reify mark deleted [ '/app/node_modules/@oxc-transform/binding-darwin-x64' ]
134 verbose reify failed optional dependency /app/node_modules/@oxc-transform/binding-darwin-arm64
135 silly reify mark deleted [ '/app/node_modules/@oxc-transform/binding-darwin-arm64' ]
136 verbose reify failed optional dependency /app/node_modules/@oxc-transform/binding-android-arm64
137 silly reify mark deleted [ '/app/node_modules/@oxc-transform/binding-android-arm64' ]
138 verbose reify failed optional dependency /app/node_modules/@oxc-parser/binding-win32-x64-msvc
139 silly reify mark deleted [ '/app/node_modules/@oxc-parser/binding-win32-x64-msvc' ]
140 verbose reify failed optional dependency /app/node_modules/@oxc-parser/binding-win32-arm64-msvc
141 silly reify mark deleted [ '/app/node_modules/@oxc-parser/binding-win32-arm64-msvc' ]
142 verbose reify failed optional dependency /app/node_modules/@oxc-parser/binding-wasm32-wasi
143 silly reify mark deleted [ '/app/node_modules/@oxc-parser/binding-wasm32-wasi' ]
144 verbose reify failed optional dependency /app/node_modules/@oxc-parser/binding-linux-s390x-gnu
145 silly reify mark deleted [ '/app/node_modules/@oxc-parser/binding-linux-s390x-gnu' ]
146 verbose reify failed optional dependency /app/node_modules/@oxc-parser/binding-linux-riscv64-gnu
147 silly reify mark deleted [ '/app/node_modules/@oxc-parser/binding-linux-riscv64-gnu' ]
148 verbose reify failed optional dependency /app/node_modules/@oxc-parser/binding-linux-arm64-musl
149 silly reify mark deleted [ '/app/node_modules/@oxc-parser/binding-linux-arm64-musl' ]
150 verbose reify failed optional dependency /app/node_modules/@oxc-parser/binding-linux-arm64-gnu
151 silly reify mark deleted [ '/app/node_modules/@oxc-parser/binding-linux-arm64-gnu' ]
152 verbose reify failed optional dependency /app/node_modules/@oxc-parser/binding-linux-arm-musleabihf
153 silly reify mark deleted [ '/app/node_modules/@oxc-parser/binding-linux-arm-musleabihf' ]
154 verbose reify failed optional dependency /app/node_modules/@oxc-parser/binding-linux-arm-gnueabihf
155 silly reify mark deleted [ '/app/node_modules/@oxc-parser/binding-linux-arm-gnueabihf' ]
156 verbose reify failed optional dependency /app/node_modules/@oxc-parser/binding-freebsd-x64
157 silly reify mark deleted [ '/app/node_modules/@oxc-parser/binding-freebsd-x64' ]
158 verbose reify failed optional dependency /app/node_modules/@oxc-parser/binding-darwin-x64
159 silly reify mark deleted [ '/app/node_modules/@oxc-parser/binding-darwin-x64' ]
160 verbose reify failed optional dependency /app/node_modules/@oxc-parser/binding-darwin-arm64
161 silly reify mark deleted [ '/app/node_modules/@oxc-parser/binding-darwin-arm64' ]
162 verbose reify failed optional dependency /app/node_modules/@oxc-parser/binding-android-arm64
163 silly reify mark deleted [ '/app/node_modules/@oxc-parser/binding-android-arm64' ]
164 verbose reify failed optional dependency /app/node_modules/@oxc-minify/binding-win32-x64-msvc
165 silly reify mark deleted [ '/app/node_modules/@oxc-minify/binding-win32-x64-msvc' ]
166 verbose reify failed optional dependency /app/node_modules/@oxc-minify/binding-win32-arm64-msvc
167 silly reify mark deleted [ '/app/node_modules/@oxc-minify/binding-win32-arm64-msvc' ]
168 verbose reify failed optional dependency /app/node_modules/@oxc-minify/binding-wasm32-wasi
169 silly reify mark deleted [ '/app/node_modules/@oxc-minify/binding-wasm32-wasi' ]
170 verbose reify failed optional dependency /app/node_modules/@oxc-minify/binding-linux-s390x-gnu
171 silly reify mark deleted [ '/app/node_modules/@oxc-minify/binding-linux-s390x-gnu' ]
172 verbose reify failed optional dependency /app/node_modules/@oxc-minify/binding-linux-riscv64-gnu
173 silly reify mark deleted [ '/app/node_modules/@oxc-minify/binding-linux-riscv64-gnu' ]
174 verbose reify failed optional dependency /app/node_modules/@oxc-minify/binding-linux-arm64-musl
175 silly reify mark deleted [ '/app/node_modules/@oxc-minify/binding-linux-arm64-musl' ]
176 verbose reify failed optional dependency /app/node_modules/@oxc-minify/binding-linux-arm64-gnu
177 silly reify mark deleted [ '/app/node_modules/@oxc-minify/binding-linux-arm64-gnu' ]
178 verbose reify failed optional dependency /app/node_modules/@oxc-minify/binding-linux-arm-musleabihf
179 silly reify mark deleted [ '/app/node_modules/@oxc-minify/binding-linux-arm-musleabihf' ]
180 verbose reify failed optional dependency /app/node_modules/@oxc-minify/binding-linux-arm-gnueabihf
181 silly reify mark deleted [ '/app/node_modules/@oxc-minify/binding-linux-arm-gnueabihf' ]
182 verbose reify failed optional dependency /app/node_modules/@oxc-minify/binding-freebsd-x64
183 silly reify mark deleted [ '/app/node_modules/@oxc-minify/binding-freebsd-x64' ]
184 verbose reify failed optional dependency /app/node_modules/@oxc-minify/binding-darwin-x64
185 silly reify mark deleted [ '/app/node_modules/@oxc-minify/binding-darwin-x64' ]
186 verbose reify failed optional dependency /app/node_modules/@oxc-minify/binding-darwin-arm64
187 silly reify mark deleted [ '/app/node_modules/@oxc-minify/binding-darwin-arm64' ]
188 verbose reify failed optional dependency /app/node_modules/@oxc-minify/binding-android-arm64
189 silly reify mark deleted [ '/app/node_modules/@oxc-minify/binding-android-arm64' ]
190 verbose reify failed optional dependency /app/node_modules/@esbuild/win32-x64
191 silly reify mark deleted [ '/app/node_modules/@esbuild/win32-x64' ]
192 verbose reify failed optional dependency /app/node_modules/@esbuild/win32-ia32
193 silly reify mark deleted [ '/app/node_modules/@esbuild/win32-ia32' ]
194 verbose reify failed optional dependency /app/node_modules/@esbuild/win32-arm64
195 silly reify mark deleted [ '/app/node_modules/@esbuild/win32-arm64' ]
196 verbose reify failed optional dependency /app/node_modules/@esbuild/sunos-x64
197 silly reify mark deleted [ '/app/node_modules/@esbuild/sunos-x64' ]
198 verbose reify failed optional dependency /app/node_modules/@esbuild/openharmony-arm64
199 silly reify mark deleted [ '/app/node_modules/@esbuild/openharmony-arm64' ]
200 verbose reify failed optional dependency /app/node_modules/@esbuild/openbsd-x64
201 silly reify mark deleted [ '/app/node_modules/@esbuild/openbsd-x64' ]
202 verbose reify failed optional dependency /app/node_modules/@esbuild/openbsd-arm64
203 silly reify mark deleted [ '/app/node_modules/@esbuild/openbsd-arm64' ]
204 verbose reify failed optional dependency /app/node_modules/@esbuild/netbsd-x64
205 silly reify mark deleted [ '/app/node_modules/@esbuild/netbsd-x64' ]
206 verbose reify failed optional dependency /app/node_modules/@esbuild/netbsd-arm64
207 silly reify mark deleted [ '/app/node_modules/@esbuild/netbsd-arm64' ]
208 verbose reify failed optional dependency /app/node_modules/@esbuild/linux-s390x
209 silly reify mark deleted [ '/app/node_modules/@esbuild/linux-s390x' ]
210 verbose reify failed optional dependency /app/node_modules/@esbuild/linux-riscv64
211 silly reify mark deleted [ '/app/node_modules/@esbuild/linux-riscv64' ]
212 verbose reify failed optional dependency /app/node_modules/@esbuild/linux-ppc64
213 silly reify mark deleted [ '/app/node_modules/@esbuild/linux-ppc64' ]
214 verbose reify failed optional dependency /app/node_modules/@esbuild/linux-mips64el
215 silly reify mark deleted [ '/app/node_modules/@esbuild/linux-mips64el' ]
216 verbose reify failed optional dependency /app/node_modules/@esbuild/linux-loong64
217 silly reify mark deleted [ '/app/node_modules/@esbuild/linux-loong64' ]
218 verbose reify failed optional dependency /app/node_modules/@esbuild/linux-ia32
219 silly reify mark deleted [ '/app/node_modules/@esbuild/linux-ia32' ]
220 verbose reify failed optional dependency /app/node_modules/@esbuild/linux-arm64
221 silly reify mark deleted [ '/app/node_modules/@esbuild/linux-arm64' ]
222 verbose reify failed optional dependency /app/node_modules/@esbuild/linux-arm
223 silly reify mark deleted [ '/app/node_modules/@esbuild/linux-arm' ]
224 verbose reify failed optional dependency /app/node_modules/@esbuild/freebsd-x64
225 silly reify mark deleted [ '/app/node_modules/@esbuild/freebsd-x64' ]
226 verbose reify failed optional dependency /app/node_modules/@esbuild/freebsd-arm64
227 silly reify mark deleted [ '/app/node_modules/@esbuild/freebsd-arm64' ]
228 verbose reify failed optional dependency /app/node_modules/@esbuild/darwin-x64
229 silly reify mark deleted [ '/app/node_modules/@esbuild/darwin-x64' ]
230 verbose reify failed optional dependency /app/node_modules/@esbuild/darwin-arm64
231 silly reify mark deleted [ '/app/node_modules/@esbuild/darwin-arm64' ]
232 verbose reify failed optional dependency /app/node_modules/@esbuild/android-x64
233 silly reify mark deleted [ '/app/node_modules/@esbuild/android-x64' ]
234 verbose reify failed optional dependency /app/node_modules/@esbuild/android-arm64
235 silly reify mark deleted [ '/app/node_modules/@esbuild/android-arm64' ]
236 verbose reify failed optional dependency /app/node_modules/@esbuild/android-arm
237 silly reify mark deleted [ '/app/node_modules/@esbuild/android-arm' ]
238 verbose reify failed optional dependency /app/node_modules/@esbuild/aix-ppc64
239 silly reify mark deleted [ '/app/node_modules/@esbuild/aix-ppc64' ]
240 verbose reify failed optional dependency /app/node_modules/@netlify/zip-it-and-ship-it/node_modules/@esbuild/win32-x64
241 silly reify mark deleted [
241 silly reify   '/app/node_modules/@netlify/zip-it-and-ship-it/node_modules/@esbuild/win32-x64'
241 silly reify ]
242 verbose reify failed optional dependency /app/node_modules/@netlify/zip-it-and-ship-it/node_modules/@esbuild/win32-ia32
243 silly reify mark deleted [
243 silly reify   '/app/node_modules/@netlify/zip-it-and-ship-it/node_modules/@esbuild/win32-ia32'
243 silly reify ]
244 verbose reify failed optional dependency /app/node_modules/@netlify/zip-it-and-ship-it/node_modules/@esbuild/win32-arm64
245 silly reify mark deleted [
245 silly reify   '/app/node_modules/@netlify/zip-it-and-ship-it/node_modules/@esbuild/win32-arm64'
245 silly reify ]
246 verbose reify failed optional dependency /app/node_modules/@netlify/zip-it-and-ship-it/node_modules/@esbuild/sunos-x64
247 silly reify mark deleted [
247 silly reify   '/app/node_modules/@netlify/zip-it-and-ship-it/node_modules/@esbuild/sunos-x64'
247 silly reify ]
248 verbose reify failed optional dependency /app/node_modules/@netlify/zip-it-and-ship-it/node_modules/@esbuild/openbsd-x64
249 silly reify mark deleted [
249 silly reify   '/app/node_modules/@netlify/zip-it-and-ship-it/node_modules/@esbuild/openbsd-x64'
249 silly reify ]
250 verbose reify failed optional dependency /app/node_modules/@netlify/zip-it-and-ship-it/node_modules/@esbuild/openbsd-arm64
251 silly reify mark deleted [
251 silly reify   '/app/node_modules/@netlify/zip-it-and-ship-it/node_modules/@esbuild/openbsd-arm64'
251 silly reify ]
252 verbose reify failed optional dependency /app/node_modules/@netlify/zip-it-and-ship-it/node_modules/@esbuild/netbsd-x64
253 silly reify mark deleted [
253 silly reify   '/app/node_modules/@netlify/zip-it-and-ship-it/node_modules/@esbuild/netbsd-x64'
253 silly reify ]
254 verbose reify failed optional dependency /app/node_modules/@netlify/zip-it-and-ship-it/node_modules/@esbuild/netbsd-arm64
255 silly reify mark deleted [
255 silly reify   '/app/node_modules/@netlify/zip-it-and-ship-it/node_modules/@esbuild/netbsd-arm64'
255 silly reify ]
256 verbose reify failed optional dependency /app/node_modules/@netlify/zip-it-and-ship-it/node_modules/@esbuild/linux-s390x
257 silly reify mark deleted [
257 silly reify   '/app/node_modules/@netlify/zip-it-and-ship-it/node_modules/@esbuild/linux-s390x'
257 silly reify ]
258 verbose reify failed optional dependency /app/node_modules/@netlify/zip-it-and-ship-it/node_modules/@esbuild/linux-riscv64
259 silly reify mark deleted [
259 silly reify   '/app/node_modules/@netlify/zip-it-and-ship-it/node_modules/@esbuild/linux-riscv64'
259 silly reify ]
260 verbose reify failed optional dependency /app/node_modules/@netlify/zip-it-and-ship-it/node_modules/@esbuild/linux-ppc64
261 silly reify mark deleted [
261 silly reify   '/app/node_modules/@netlify/zip-it-and-ship-it/node_modules/@esbuild/linux-ppc64'
261 silly reify ]
262 verbose reify failed optional dependency /app/node_modules/@netlify/zip-it-and-ship-it/node_modules/@esbuild/linux-mips64el
263 silly reify mark deleted [
263 silly reify   '/app/node_modules/@netlify/zip-it-and-ship-it/node_modules/@esbuild/linux-mips64el'
263 silly reify ]
264 verbose reify failed optional dependency /app/node_modules/@netlify/zip-it-and-ship-it/node_modules/@esbuild/linux-loong64
265 silly reify mark deleted [
265 silly reify   '/app/node_modules/@netlify/zip-it-and-ship-it/node_modules/@esbuild/linux-loong64'
265 silly reify ]
266 verbose reify failed optional dependency /app/node_modules/@netlify/zip-it-and-ship-it/node_modules/@esbuild/linux-ia32
267 silly reify mark deleted [
267 silly reify   '/app/node_modules/@netlify/zip-it-and-ship-it/node_modules/@esbuild/linux-ia32'
267 silly reify ]
268 verbose reify failed optional dependency /app/node_modules/@netlify/zip-it-and-ship-it/node_modules/@esbuild/linux-arm64
269 silly reify mark deleted [
269 silly reify   '/app/node_modules/@netlify/zip-it-and-ship-it/node_modules/@esbuild/linux-arm64'
269 silly reify ]
270 verbose reify failed optional dependency /app/node_modules/@netlify/zip-it-and-ship-it/node_modules/@esbuild/linux-arm
271 silly reify mark deleted [
271 silly reify   '/app/node_modules/@netlify/zip-it-and-ship-it/node_modules/@esbuild/linux-arm'
271 silly reify ]
272 verbose reify failed optional dependency /app/node_modules/@netlify/zip-it-and-ship-it/node_modules/@esbuild/freebsd-x64
273 silly reify mark deleted [
273 silly reify   '/app/node_modules/@netlify/zip-it-and-ship-it/node_modules/@esbuild/freebsd-x64'
273 silly reify ]
274 verbose reify failed optional dependency /app/node_modules/@netlify/zip-it-and-ship-it/node_modules/@esbuild/freebsd-arm64
275 silly reify mark deleted [
275 silly reify   '/app/node_modules/@netlify/zip-it-and-ship-it/node_modules/@esbuild/freebsd-arm64'
275 silly reify ]
276 verbose reify failed optional dependency /app/node_modules/@netlify/zip-it-and-ship-it/node_modules/@esbuild/darwin-x64
277 silly reify mark deleted [
277 silly reify   '/app/node_modules/@netlify/zip-it-and-ship-it/node_modules/@esbuild/darwin-x64'
277 silly reify ]
278 verbose reify failed optional dependency /app/node_modules/@netlify/zip-it-and-ship-it/node_modules/@esbuild/darwin-arm64
279 silly reify mark deleted [
279 silly reify   '/app/node_modules/@netlify/zip-it-and-ship-it/node_modules/@esbuild/darwin-arm64'
279 silly reify ]
280 verbose reify failed optional dependency /app/node_modules/@netlify/zip-it-and-ship-it/node_modules/@esbuild/android-x64
281 silly reify mark deleted [
281 silly reify   '/app/node_modules/@netlify/zip-it-and-ship-it/node_modules/@esbuild/android-x64'
281 silly reify ]
282 verbose reify failed optional dependency /app/node_modules/@netlify/zip-it-and-ship-it/node_modules/@esbuild/android-arm64
283 silly reify mark deleted [
283 silly reify   '/app/node_modules/@netlify/zip-it-and-ship-it/node_modules/@esbuild/android-arm64'
283 silly reify ]
284 verbose reify failed optional dependency /app/node_modules/@netlify/zip-it-and-ship-it/node_modules/@esbuild/android-arm
285 silly reify mark deleted [
285 silly reify   '/app/node_modules/@netlify/zip-it-and-ship-it/node_modules/@esbuild/android-arm'
285 silly reify ]
286 verbose reify failed optional dependency /app/node_modules/@netlify/zip-it-and-ship-it/node_modules/@esbuild/aix-ppc64
287 silly reify mark deleted [
287 silly reify   '/app/node_modules/@netlify/zip-it-and-ship-it/node_modules/@esbuild/aix-ppc64'
287 silly reify ]
288 http cache @napi-rs/wasm-runtime@https://registry.npmjs.org/@napi-rs/wasm-runtime/-/wasm-runtime-0.2.12.tgz 1ms (cache hit)
289 silly tarball no local data for @napi-rs/wasm-runtime@https://registry.npmjs.org/@napi-rs/wasm-runtime/-/wasm-runtime-0.2.12.tgz. Extracting by manifest.
290 http fetch GET 200 https://registry.npmjs.org/npm 2614ms
291 http fetch POST 200 https://registry.npmjs.org/-/npm/v1/security/advisories/bulk 914ms
292 silly audit report {}
293 http fetch GET 200 https://registry.npmjs.org/@napi-rs/wasm-runtime/-/wasm-runtime-0.2.12.tgz 1185ms (cache miss)
294 silly ADD node_modules/fsevents
295 silly ADD node_modules/@unrs/resolver-binding-win32-x64-msvc
296 silly ADD node_modules/@unrs/resolver-binding-win32-ia32-msvc
297 silly ADD node_modules/@unrs/resolver-binding-win32-arm64-msvc
298 silly ADD node_modules/@unrs/resolver-binding-wasm32-wasi
299 silly ADD node_modules/@unrs/resolver-binding-wasm32-wasi/node_modules/@napi-rs/wasm-runtime
300 silly ADD node_modules/@unrs/resolver-binding-linux-s390x-gnu
301 silly ADD node_modules/@unrs/resolver-binding-linux-riscv64-musl
302 silly ADD node_modules/@unrs/resolver-binding-linux-riscv64-gnu
303 silly ADD node_modules/@unrs/resolver-binding-linux-ppc64-gnu
304 silly ADD node_modules/@unrs/resolver-binding-linux-arm64-musl
305 silly ADD node_modules/@unrs/resolver-binding-linux-arm64-gnu
306 silly ADD node_modules/@unrs/resolver-binding-linux-arm-musleabihf
307 silly ADD node_modules/@unrs/resolver-binding-linux-arm-gnueabihf
308 silly ADD node_modules/@unrs/resolver-binding-freebsd-x64
309 silly ADD node_modules/@unrs/resolver-binding-darwin-x64
310 silly ADD node_modules/@unrs/resolver-binding-darwin-arm64
311 silly ADD node_modules/@unrs/resolver-binding-android-arm64
312 silly ADD node_modules/@unrs/resolver-binding-android-arm-eabi
313 silly ADD node_modules/@rollup/rollup-win32-x64-msvc
314 silly ADD node_modules/@rollup/rollup-win32-ia32-msvc
315 silly ADD node_modules/@rollup/rollup-win32-arm64-msvc
316 silly ADD node_modules/@rollup/rollup-linux-s390x-gnu
317 silly ADD node_modules/@rollup/rollup-linux-riscv64-musl
318 silly ADD node_modules/@rollup/rollup-linux-riscv64-gnu
319 silly ADD node_modules/@rollup/rollup-linux-ppc64-gnu
320 silly ADD node_modules/@rollup/rollup-linux-loongarch64-gnu
321 silly ADD node_modules/@rollup/rollup-linux-arm64-musl
322 silly ADD node_modules/@rollup/rollup-linux-arm64-gnu
323 silly ADD node_modules/@rollup/rollup-linux-arm-musleabihf
324 silly ADD node_modules/@rollup/rollup-linux-arm-gnueabihf
325 silly ADD node_modules/@rollup/rollup-freebsd-x64
326 silly ADD node_modules/@rollup/rollup-freebsd-arm64
327 silly ADD node_modules/@rollup/rollup-darwin-x64
328 silly ADD node_modules/@rollup/rollup-darwin-arm64
329 silly ADD node_modules/@rollup/rollup-android-arm64
330 silly ADD node_modules/@rollup/rollup-android-arm-eabi
331 silly ADD node_modules/@parcel/watcher-win32-x64
332 silly ADD node_modules/@parcel/watcher-win32-ia32
333 silly ADD node_modules/@parcel/watcher-win32-arm64
334 silly ADD node_modules/@parcel/watcher-linux-arm64-musl
335 silly ADD node_modules/@parcel/watcher-linux-arm64-glibc
336 silly ADD node_modules/@parcel/watcher-linux-arm-musl
337 silly ADD node_modules/@parcel/watcher-linux-arm-glibc
338 silly ADD node_modules/@parcel/watcher-freebsd-x64
339 silly ADD node_modules/@parcel/watcher-darwin-x64
340 silly ADD node_modules/@parcel/watcher-darwin-arm64
341 silly ADD node_modules/@parcel/watcher-android-arm64
342 silly ADD node_modules/@oxc-transform/binding-win32-x64-msvc
343 silly ADD node_modules/@oxc-transform/binding-win32-arm64-msvc
344 silly ADD node_modules/@oxc-transform/binding-wasm32-wasi
345 silly ADD node_modules/@oxc-transform/binding-linux-s390x-gnu
346 silly ADD node_modules/@oxc-transform/binding-linux-riscv64-gnu
347 silly ADD node_modules/@oxc-transform/binding-linux-arm64-musl
348 silly ADD node_modules/@oxc-transform/binding-linux-arm64-gnu
349 silly ADD node_modules/@oxc-transform/binding-linux-arm-musleabihf
350 silly ADD node_modules/@oxc-transform/binding-linux-arm-gnueabihf
351 silly ADD node_modules/@oxc-transform/binding-freebsd-x64
352 silly ADD node_modules/@oxc-transform/binding-darwin-x64
353 silly ADD node_modules/@oxc-transform/binding-darwin-arm64
354 silly ADD node_modules/@oxc-transform/binding-android-arm64
355 silly ADD node_modules/@oxc-parser/binding-win32-x64-msvc
356 silly ADD node_modules/@oxc-parser/binding-win32-arm64-msvc
357 silly ADD node_modules/@oxc-parser/binding-wasm32-wasi
358 silly ADD node_modules/@oxc-parser/binding-linux-s390x-gnu
359 silly ADD node_modules/@oxc-parser/binding-linux-riscv64-gnu
360 silly ADD node_modules/@oxc-parser/binding-linux-arm64-musl
361 silly ADD node_modules/@oxc-parser/binding-linux-arm64-gnu
362 silly ADD node_modules/@oxc-parser/binding-linux-arm-musleabihf
363 silly ADD node_modules/@oxc-parser/binding-linux-arm-gnueabihf
364 silly ADD node_modules/@oxc-parser/binding-freebsd-x64
365 silly ADD node_modules/@oxc-parser/binding-darwin-x64
366 silly ADD node_modules/@oxc-parser/binding-darwin-arm64
367 silly ADD node_modules/@oxc-parser/binding-android-arm64
368 silly ADD node_modules/@oxc-minify/binding-win32-x64-msvc
369 silly ADD node_modules/@oxc-minify/binding-win32-arm64-msvc
370 silly ADD node_modules/@oxc-minify/binding-wasm32-wasi
371 silly ADD node_modules/@oxc-minify/binding-linux-s390x-gnu
372 silly ADD node_modules/@oxc-minify/binding-linux-riscv64-gnu
373 silly ADD node_modules/@oxc-minify/binding-linux-arm64-musl
374 silly ADD node_modules/@oxc-minify/binding-linux-arm64-gnu
375 silly ADD node_modules/@oxc-minify/binding-linux-arm-musleabihf
376 silly ADD node_modules/@oxc-minify/binding-linux-arm-gnueabihf
377 silly ADD node_modules/@oxc-minify/binding-freebsd-x64
378 silly ADD node_modules/@oxc-minify/binding-darwin-x64
379 silly ADD node_modules/@oxc-minify/binding-darwin-arm64
380 silly ADD node_modules/@oxc-minify/binding-android-arm64
381 silly ADD node_modules/@esbuild/win32-x64
382 silly ADD node_modules/@esbuild/win32-ia32
383 silly ADD node_modules/@esbuild/win32-arm64
384 silly ADD node_modules/@esbuild/sunos-x64
385 silly ADD node_modules/@esbuild/openharmony-arm64
386 silly ADD node_modules/@esbuild/openbsd-x64
387 silly ADD node_modules/@esbuild/openbsd-arm64
388 silly ADD node_modules/@esbuild/netbsd-x64
389 silly ADD node_modules/@esbuild/netbsd-arm64
390 silly ADD node_modules/@esbuild/linux-s390x
391 silly ADD node_modules/@esbuild/linux-riscv64
392 silly ADD node_modules/@esbuild/linux-ppc64
393 silly ADD node_modules/@esbuild/linux-mips64el
394 silly ADD node_modules/@esbuild/linux-loong64
395 silly ADD node_modules/@esbuild/linux-ia32
396 silly ADD node_modules/@esbuild/linux-arm64
397 silly ADD node_modules/@esbuild/linux-arm
398 silly ADD node_modules/@esbuild/freebsd-x64
399 silly ADD node_modules/@esbuild/freebsd-arm64
400 silly ADD node_modules/@esbuild/darwin-x64
401 silly ADD node_modules/@esbuild/darwin-arm64
402 silly ADD node_modules/@esbuild/android-x64
403 silly ADD node_modules/@esbuild/android-arm64
404 silly ADD node_modules/@esbuild/android-arm
405 silly ADD node_modules/@esbuild/aix-ppc64
406 silly ADD node_modules/@netlify/zip-it-and-ship-it/node_modules/@esbuild/win32-x64
407 silly ADD node_modules/@netlify/zip-it-and-ship-it/node_modules/@esbuild/win32-ia32
408 silly ADD node_modules/@netlify/zip-it-and-ship-it/node_modules/@esbuild/win32-arm64
409 silly ADD node_modules/@netlify/zip-it-and-ship-it/node_modules/@esbuild/sunos-x64
410 silly ADD node_modules/@netlify/zip-it-and-ship-it/node_modules/@esbuild/openbsd-x64
411 silly ADD node_modules/@netlify/zip-it-and-ship-it/node_modules/@esbuild/openbsd-arm64
412 silly ADD node_modules/@netlify/zip-it-and-ship-it/node_modules/@esbuild/netbsd-x64
413 silly ADD node_modules/@netlify/zip-it-and-ship-it/node_modules/@esbuild/netbsd-arm64
414 silly ADD node_modules/@netlify/zip-it-and-ship-it/node_modules/@esbuild/linux-s390x
415 silly ADD node_modules/@netlify/zip-it-and-ship-it/node_modules/@esbuild/linux-riscv64
416 silly ADD node_modules/@netlify/zip-it-and-ship-it/node_modules/@esbuild/linux-ppc64
417 silly ADD node_modules/@netlify/zip-it-and-ship-it/node_modules/@esbuild/linux-mips64el
418 silly ADD node_modules/@netlify/zip-it-and-ship-it/node_modules/@esbuild/linux-loong64
419 silly ADD node_modules/@netlify/zip-it-and-ship-it/node_modules/@esbuild/linux-ia32
420 silly ADD node_modules/@netlify/zip-it-and-ship-it/node_modules/@esbuild/linux-arm64
421 silly ADD node_modules/@netlify/zip-it-and-ship-it/node_modules/@esbuild/linux-arm
422 silly ADD node_modules/@netlify/zip-it-and-ship-it/node_modules/@esbuild/freebsd-x64
423 silly ADD node_modules/@netlify/zip-it-and-ship-it/node_modules/@esbuild/freebsd-arm64
424 silly ADD node_modules/@netlify/zip-it-and-ship-it/node_modules/@esbuild/darwin-x64
425 silly ADD node_modules/@netlify/zip-it-and-ship-it/node_modules/@esbuild/darwin-arm64
426 silly ADD node_modules/@netlify/zip-it-and-ship-it/node_modules/@esbuild/android-x64
427 silly ADD node_modules/@netlify/zip-it-and-ship-it/node_modules/@esbuild/android-arm64
428 silly ADD node_modules/@netlify/zip-it-and-ship-it/node_modules/@esbuild/android-arm
429 silly ADD node_modules/@netlify/zip-it-and-ship-it/node_modules/@esbuild/aix-ppc64
430 verbose cwd /app
431 verbose os Linux 5.15.167.4-microsoft-standard-WSL2
432 verbose node v24.6.0
433 verbose npm  v11.5.1
434 notice
434 notice New patch version of npm available! 11.5.1 -> 11.5.2
434 notice Changelog: https://github.com/npm/cli/releases/tag/v11.5.2
434 notice To update run: npm install -g npm@11.5.2
434 notice  { force: true, Symbol(proc-log.meta): true }
435 verbose exit 0
436 info ok
